Y0-D000 12:00:00 BIOTOP - New entity : specie grass name grassM
Y0-D000 12:00:00 BIOTOP - New entity : specie grass name grassM
Y0-D000 12:00:00 BIOTOP - New entity : specie grass name grassM
Y0-D000 12:00:00 BIOTOP - New entity : specie grass name grassM
Y0-D000 12:00:00 BIOTOP - New entity : specie grass name grassM
Y0-D000 12:00:00 BIOTOP - New entity : specie grass name grassM
Y0-D000 12:00:00 BIOTOP - New entity : specie grass name grassM
Y0-D000 12:00:00 BIOTOP - New entity : specie grass name grassM
Y0-D000 12:00:00 BIOTOP - New entity : specie grass name grassM
Y0-D000 12:00:00 BIOTOP - New entity : specie grass name grassM
Y0-D000 12:00:00 BIOTOP - New entity : specie grass name grassM
Y0-D000 12:00:00 BIOTOP - New entity : specie grass name grassM
Y0-D000 12:00:00 BIOTOP - New entity : specie grass name grassM
Y0-D000 12:00:00 BIOTOP - New entity : specie grass name grassM
Y0-D000 12:00:00 BIOTOP - New entity : specie grass name grassM
Y0-D000 12:00:00 BIOTOP - New entity : specie grass name grassM
Y0-D000 12:00:00 BIOTOP - New entity : specie grass name grassM
Y0-D000 12:00:00 BIOTOP - New entity : specie grass name grassM
Y0-D000 12:00:00 BIOTOP - New entity : specie grass name grassM
Y0-D000 12:00:00 BIOTOP - New entity : specie grass name grassM
Y0-D000 12:00:00 BIOTOP - New entity : specie grass name grassM
Y0-D000 12:00:00 BIOTOP - New entity : specie grass name grassM
Y0-D000 12:00:00 BIOTOP - New entity : specie grass name grassM
Y0-D000 12:00:00 BIOTOP - New entity : specie grass name grassM
Y0-D000 12:00:00 BIOTOP - New entity : specie grass name grassM
Y0-D000 12:00:00 BIOTOP - New entity : specie grass name grassM
Y0-D000 12:00:00 BIOTOP - New entity : specie grass name grassM
Y0-D000 12:00:00 BIOTOP - New entity : specie grass name grassM
Y0-D000 12:00:00 BIOTOP - New entity : specie grass name grassM
Y0-D000 12:00:00 BIOTOP - New entity : specie grass name grassM
Y0-D000 12:00:00 BIOTOP - New entity : specie grass name grassM
Y0-D000 12:00:00 BIOTOP - New entity : specie grass name grassM
Y0-D000 12:00:00 BIOTOP - New entity : specie grass name grassM
Y0-D000 12:00:00 BIOTOP - New entity : specie grass name grassM
Y0-D000 12:00:00 BIOTOP - New entity : specie grass name grassM
Y0-D000 12:00:00 BIOTOP - New entity : specie grass name grassM
Y0-D000 12:00:00 BIOTOP - New entity : specie grass name grassM
Y0-D000 12:00:00 BIOTOP - New entity : specie grass name grassM
Y0-D000 12:00:00 BIOTOP - New entity : specie grass name grassM
Y0-D000 12:00:00 BIOTOP - New entity : specie grass name grassM
Y0-D000 12:00:00 BIOTOP - New entity : specie grass name grassM
Y0-D000 12:00:00 BIOTOP - New entity : specie grass name grassM
Y0-D000 12:00:00 BIOTOP - New entity : specie grass name grassM
Y0-D000 12:00:00 BIOTOP - New entity : specie grass name grassM
Y0-D000 12:00:00 BIOTOP - New entity : specie grass name grassM
Y0-D000 12:00:00 BIOTOP - New entity : specie grass name grassM
Y0-D000 12:00:00 BIOTOP - New entity : specie grass name grassM
Y0-D000 12:00:00 BIOTOP - New entity : specie grass name grassM
Y0-D000 12:00:00 BIOTOP - New entity : specie grass name grassM
Y0-D000 12:00:00 BIOTOP - New entity : specie grass name grassM
Y0-D000 12:00:00 BIOTOP - New entity : specie grass name grassM
Y0-D000 12:00:00 BIOTOP - New entity : specie grass name grassM
Y0-D000 12:00:00 BIOTOP - New entity : specie grass name grassM
Y0-D000 12:00:00 BIOTOP - New entity : specie grass name grassM
Y0-D000 12:00:00 BIOTOP - New entity : specie grass name grassM
Y0-D000 12:00:00 BIOTOP - New entity : specie grass name grassM
Y0-D000 12:00:00 BIOTOP - New entity : specie grass name grassM
Y0-D000 12:00:00 BIOTOP - New entity : specie grass name grassM
Y0-D000 12:00:00 BIOTOP - New entity : specie grass name grassM
Y0-D000 12:00:00 BIOTOP - New entity : specie grass name grassM
Y0-D000 12:00:00 BIOTOP - New entity : specie grass name grassM
Y0-D000 12:00:00 BIOTOP - New entity : specie grass name grassM
Y0-D000 12:00:00 BIOTOP - New entity : specie grass name grassM
Y0-D000 12:00:00 BIOTOP - New entity : specie grass name grassM
Y0-D000 12:00:00 BIOTOP - New entity : specie grass name grassM
Y0-D000 12:00:00 BIOTOP - New entity : specie grass name grassM
Y0-D000 12:00:00 BIOTOP - New entity : specie grass name grassM
Y0-D000 12:00:00 BIOTOP - New entity : specie grass name grassM
Y0-D000 12:00:00 BIOTOP - New entity : specie grass name grassM
Y0-D000 12:00:00 BIOTOP - New entity : specie grass name grassM
Y0-D000 12:00:00 BIOTOP - New entity : specie grass name grassM
Y0-D000 12:00:00 BIOTOP - New entity : specie grass name grassM
Y0-D000 12:00:00 BIOTOP - New entity : specie grass name grassM
Y0-D000 12:00:00 BIOTOP - New entity : specie grass name grassM
Y0-D000 12:00:00 BIOTOP - New entity : specie grass name grassM
Y0-D000 12:00:00 BIOTOP - New entity : specie grass name grassM
Y0-D000 12:00:00 BIOTOP - New entity : specie grass name grassM
Y0-D000 12:00:00 BIOTOP - New entity : specie grass name grassM
Y0-D000 12:00:00 BIOTOP - New entity : specie grass name grassM
Y0-D000 12:00:00 BIOTOP - New entity : specie grass name grassM
Y0-D000 12:00:00 BIOTOP - New entity : specie grass name grassF
Y0-D000 12:00:00 BIOTOP - New entity : specie grass name grassF
Y0-D000 12:00:00 BIOTOP - New entity : specie grass name grassF
Y0-D000 12:00:00 BIOTOP - New entity : specie grass name grassF
Y0-D000 12:00:00 BIOTOP - New entity : specie grass name grassF
Y0-D000 12:00:00 BIOTOP - New entity : specie grass name grassF
Y0-D000 12:00:00 BIOTOP - New entity : specie grass name grassF
Y0-D000 12:00:00 BIOTOP - New entity : specie grass name grassF
Y0-D000 12:00:00 BIOTOP - New entity : specie grass name grassF
Y0-D000 12:00:00 BIOTOP - New entity : specie grass name grassF
Y0-D000 12:00:00 BIOTOP - New entity : specie grass name grassF
Y0-D000 12:00:00 BIOTOP - New entity : specie grass name grassF
Y0-D000 12:00:00 BIOTOP - New entity : specie grass name grassF
Y0-D000 12:00:00 BIOTOP - New entity : specie grass name grassF
Y0-D000 12:00:00 BIOTOP - New entity : specie grass name grassF
Y0-D000 12:00:00 BIOTOP - New entity : specie grass name grassF
Y0-D000 12:00:00 BIOTOP - New entity : specie grass name grassF
Y0-D000 12:00:00 BIOTOP - New entity : specie grass name grassF
Y0-D000 12:00:00 BIOTOP - New entity : specie grass name grassF
Y0-D000 12:00:00 BIOTOP - New entity : specie grass name grassF
Y0-D000 12:00:00 BIOTOP - New entity : specie grass name grassF
Y0-D000 12:00:00 BIOTOP - New entity : specie grass name grassF
Y0-D000 12:00:00 BIOTOP - New entity : specie grass name grassF
Y0-D000 12:00:00 BIOTOP - New entity : specie grass name grassF
Y0-D000 12:00:00 BIOTOP - New entity : specie grass name grassF
Y0-D000 12:00:00 BIOTOP - New entity : specie grass name grassF
Y0-D000 12:00:00 BIOTOP - New entity : specie grass name grassF
Y0-D000 12:00:00 BIOTOP - New entity : specie grass name grassF
Y0-D000 12:00:00 BIOTOP - New entity : specie grass name grassF
Y0-D000 12:00:00 BIOTOP - New entity : specie grass name grassF
Y0-D000 12:00:00 BIOTOP - New entity : specie grass name grassF
Y0-D000 12:00:00 BIOTOP - New entity : specie grass name grassF
Y0-D000 12:00:00 BIOTOP - New entity : specie grass name grassF
Y0-D000 12:00:00 BIOTOP - New entity : specie grass name grassF
Y0-D000 12:00:00 BIOTOP - New entity : specie grass name grassF
Y0-D000 12:00:00 BIOTOP - New entity : specie grass name grassF
Y0-D000 12:00:00 BIOTOP - New entity : specie grass name grassF
Y0-D000 12:00:00 BIOTOP - New entity : specie grass name grassF
Y0-D000 12:00:00 BIOTOP - New entity : specie grass name grassF
Y0-D000 12:00:00 BIOTOP - New entity : specie grass name grassF
Y0-D000 12:00:00 BIOTOP - New entity : specie grass name grassF
Y0-D000 12:00:00 BIOTOP - New entity : specie grass name grassF
Y0-D000 12:00:00 BIOTOP - New entity : specie grass name grassF
Y0-D000 12:00:00 BIOTOP - New entity : specie grass name grassF
Y0-D000 12:00:00 BIOTOP - New entity : specie grass name grassF
Y0-D000 12:00:00 BIOTOP - New entity : specie grass name grassF
Y0-D000 12:00:00 BIOTOP - New entity : specie grass name grassF
Y0-D000 12:00:00 BIOTOP - New entity : specie grass name grassF
Y0-D000 12:00:00 BIOTOP - New entity : specie grass name grassF
Y0-D000 12:00:00 BIOTOP - New entity : specie grass name grassF
Y0-D000 12:00:00 BIOTOP - New entity : specie grass name grassF
Y0-D000 12:00:00 BIOTOP - New entity : specie grass name grassF
Y0-D000 12:00:00 BIOTOP - New entity : specie grass name grassF
Y0-D000 12:00:00 BIOTOP - New entity : specie grass name grassF
Y0-D000 12:00:00 BIOTOP - New entity : specie grass name grassF
Y0-D000 12:00:00 BIOTOP - New entity : specie grass name grassF
Y0-D000 12:00:00 BIOTOP - New entity : specie grass name grassF
Y0-D000 12:00:00 BIOTOP - New entity : specie grass name grassF
Y0-D000 12:00:00 BIOTOP - New entity : specie grass name grassF
Y0-D000 12:00:00 BIOTOP - New entity : specie grass name grassF
Y0-D000 12:00:00 BIOTOP - New entity : specie grass name grassF
Y0-D000 12:00:00 BIOTOP - New entity : specie grass name grassF
Y0-D000 12:00:00 BIOTOP - New entity : specie grass name grassF
Y0-D000 12:00:00 BIOTOP - New entity : specie grass name grassF
Y0-D000 12:00:00 BIOTOP - New entity : specie grass name grassF
Y0-D000 12:00:00 BIOTOP - New entity : specie grass name grassF
Y0-D000 12:00:00 BIOTOP - New entity : specie grass name grassF
Y0-D000 12:00:00 BIOTOP - New entity : specie grass name grassF
Y0-D000 12:00:00 BIOTOP - New entity : specie grass name grassF
Y0-D000 12:00:00 BIOTOP - New entity : specie grass name grassF
Y0-D000 12:00:00 BIOTOP - New entity : specie grass name grassF
Y0-D000 12:00:00 BIOTOP - New entity : specie grass name grassF
Y0-D000 12:00:00 BIOTOP - New entity : specie grass name grassF
Y0-D000 12:00:00 BIOTOP - New entity : specie grass name grassF
Y0-D000 12:00:00 BIOTOP - New entity : specie grass name grassF
Y0-D000 12:00:00 BIOTOP - New entity : specie grass name grassF
Y0-D000 12:00:00 BIOTOP - New entity : specie grass name grassF
Y0-D000 12:00:00 BIOTOP - New entity : specie grass name grassF
Y0-D000 12:00:00 BIOTOP - New entity : specie grass name grassF
Y0-D000 12:00:00 BIOTOP - New entity : specie grass name grassF
Y0-D000 12:00:00 BIOTOP - New entity : specie grass name grassF
Y0-D000 12:00:00 BIOTOP - New entity : specie grass name grassF
Y0-D000 12:00:00 BIOTOP - New entity : specie grass name grassF
Y0-D000 12:00:00 BIOTOP - New entity : specie grass name grassF
Y0-D000 12:00:00 BIOTOP - New entity : specie grass name grassF
Y0-D000 12:00:00 BIOTOP - New entity : specie grass name grassF
Y0-D000 12:00:00 BIOTOP - New entity : specie grass name grassF
Y0-D000 12:00:00 BIOTOP - New entity : specie grass name grassF
Y0-D000 12:00:00 BIOTOP - New entity : specie grass name grassF
Y0-D000 12:00:00 BIOTOP - New entity : specie grass name grassF
Y0-D000 12:00:00 BIOTOP - New entity : specie grass name grassF
Y0-D000 12:00:00 BIOTOP - New entity : specie grass name grassF
Y0-D000 12:00:00 BIOTOP - New entity : specie grass name grassF
Y0-D000 12:00:00 BIOTOP - New entity : specie grass name grassF
Y0-D000 12:00:00 BIOTOP - New entity : specie grass name grassF
Y0-D000 12:00:00 BIOTOP - New entity : specie grass name grassF
Y0-D000 12:00:00 BIOTOP - New entity : specie grass name grassF
Y0-D000 12:00:00 BIOTOP - New entity : specie grass name grassF
Y0-D000 12:00:00 BIOTOP - New entity : specie grass name grassF
Y0-D000 12:00:00 BIOTOP - New entity : specie grass name grassF
Y0-D000 12:00:00 BIOTOP - New entity : specie grass name grassF
Y0-D000 12:00:00 BIOTOP - New entity : specie grass name grassF
Y0-D000 12:00:00 BIOTOP - New entity : specie grass name grassF
Y0-D000 12:00:00 BIOTOP - New entity : specie grass name grassF
Y0-D000 12:00:00 BIOTOP - New entity : specie grass name grassF
Y0-D000 12:00:00 BIOTOP - New entity : specie grass name grassF
Y0-D000 12:00:00 BIOTOP - New entity : specie grass name grassF
Y0-D000 12:00:00 BIOTOP - New entity : specie grass name grassF
Y0-D000 12:00:00 BIOTOP - New entity : specie grass name grassF
Y0-D000 12:00:00 BIOTOP - New entity : specie grass name grassF
Y0-D000 12:00:00 BIOTOP - New entity : specie grass name grassF
Y0-D000 12:00:00 BIOTOP - New entity : specie grass name grassF
Y0-D000 12:00:00 BIOTOP - New entity : specie grass name grassF
Y0-D000 12:00:00 BIOTOP - New entity : specie grass name grassF
Y0-D000 12:00:00 BIOTOP - New entity : specie grass name grassF
Y0-D000 12:00:00 BIOTOP - New entity : specie grass name grassF
Y0-D000 12:00:00 BIOTOP - New entity : specie grass name grassF
Y0-D000 12:00:00 BIOTOP - New entity : specie grass name grassF
Y0-D000 12:00:00 BIOTOP - New entity : specie grass name grassF
Y0-D000 12:00:00 BIOTOP - New entity : specie grass name grassF
Y0-D000 12:00:00 BIOTOP - New entity : specie grass name grassF
Y0-D000 12:00:00 BIOTOP - New entity : specie grass name grassF
Y0-D000 12:00:00 BIOTOP - New entity : specie grass name grassF
Y0-D000 12:00:00 BIOTOP - New entity : specie grass name grassF
Y0-D000 12:00:00 BIOTOP - New entity : specie grass name grassF
Y0-D000 12:00:00 BIOTOP - New entity : specie grass name grassF
Y0-D000 12:00:00 BIOTOP - New entity : specie grass name grassF
Y0-D000 12:00:00 BIOTOP - New entity : specie grass name grassF
Y0-D000 12:00:00 BIOTOP - New entity : specie grass name grassF
Y0-D000 12:00:00 BIOTOP - New entity : specie grass name grassF
Y0-D000 12:00:00 BIOTOP - New entity : specie grass name grassF
Y0-D000 12:00:00 BIOTOP - New entity : specie grass name grassF
Y0-D000 12:00:00 BIOTOP - New entity : specie grass name grassF
Y0-D000 12:00:00 BIOTOP - New entity : specie grass name grassF
Y0-D000 12:00:00 BIOTOP - New entity : specie grass name grassF
Y0-D000 12:00:00 BIOTOP - New entity : specie grass name grassF
Y0-D000 12:00:00 BIOTOP - New entity : specie grass name grassF
Y0-D000 12:00:00 BIOTOP - New entity : specie grass name grassF
Y0-D000 12:00:00 BIOTOP - New entity : specie grass name grassF
Y0-D000 12:00:00 BIOTOP - New entity : specie grass name grassF
Y0-D000 12:00:00 BIOTOP - New entity : specie grass name grassF
Y0-D000 12:00:00 BIOTOP - New entity : specie grass name grassF
Y0-D000 12:00:00 BIOTOP - New entity : specie grass name grassF
Y0-D000 12:00:00 BIOTOP - New entity : specie grass name grassF
Y0-D000 12:00:00 BIOTOP - New entity : specie grass name grassF
Y0-D000 12:00:00 BIOTOP - New entity : specie grass name grassF
Y0-D000 12:00:00 BIOTOP - New entity : specie grass name grassF
Y0-D000 12:00:00 BIOTOP - New entity : specie grass name grassF
Y0-D000 12:00:00 BIOTOP - New entity : specie grass name grassF
Y0-D000 12:00:00 BIOTOP - New entity : specie grass name grassF
Y0-D000 12:00:00 BIOTOP - New entity : specie grass name grassF
Y0-D000 12:00:00 BIOTOP - New entity : specie grass name grassF
Y0-D000 12:00:00 BIOTOP - New entity : specie grass name grassF
Y0-D000 12:00:00 BIOTOP - New entity : specie grass name grassF
Y0-D000 12:00:00 BIOTOP - New entity : specie grass name grassF
Y0-D000 12:00:00 BIOTOP - New entity : specie grass name grassF
Y0-D000 12:00:00 BIOTOP - New entity : specie grass name grassF
Y0-D000 12:00:00 BIOTOP - New entity : specie grass name grassF
Y0-D000 12:00:00 BIOTOP - New entity : specie grass name grassF
Y0-D000 12:00:00 BIOTOP - New entity : specie grass name grassF
Y0-D000 12:00:00 SCENAR - New scenario loaded: babyLearning.scp
Y0-D000 12:00:00 BIOTOP - Load: file biotop_empty.bio path C:\frederic\ToolLTE\Perso\WinEvolution342\DataTraining_dear_AduM1\
BIOTOP - File load complete
Y0-D000 12:07:00 SCENAR - cmd: LOAD_BIOTOP biotop_empty.bio
Y0-D000 12:07:00 BIOTOP - New entity : specie dear name newEntity
Y0-D000 12:07:00 SCENAR - cmd: ADD_ENTITY newEntity.xml 100 100
Y0-D000 12:07:00 SCENAR - cmd: SET_IMMORTAL newEntity
Y0-D000 12:07:00 BIOTOP - Entity removed : specie dear name newEntity
Y0-D000 12:07:00 SCENAR - cmd: QUICK_AGEING newEntity 1
Y0-D000 12:07:05 SCENAR - cmd: MOVE_ENTITY newEntity 100 100 0
Y0-D000 12:07:05 BIOTOP - New entity : specie dear name mother
Y0-D000 12:07:05 SCENAR - cmd: ADD_ENTITY mother.xml 120 100
Y0-D000 12:07:05 SCENAR - cmd: SET_FORBIDEN_ACTION newEntity "Eat-1"
Y0-D000 12:47:06 SCENAR - Success chk0: Forbid action called =0 under 1
Y0-D000 12:47:06 SCENAR - cmd: CHECK_FORBID_ACT_CNT_UNDER newEntity 1
Y0-D000 12:47:06 SCENAR - cmd: SET_FORBIDEN_ACTION newEntity "Ruminate"
Y0-D000 12:27:08 SCENAR - Success chk1: Forbid action called =0 under 1
Y0-D000 12:27:08 SCENAR - cmd: CHECK_FORBID_ACT_CNT_UNDER newEntity 1
Y0-D000 12:27:08 SCENAR - cmd: SET_FORBIDEN_ACTION newEntity "Copulate"
Y0-D000 12:07:10 SCENAR - Success chk2: Forbid action called =0 under 1
Y0-D000 12:07:10 SCENAR - cmd: CHECK_FORBID_ACT_CNT_UNDER newEntity 1
Y0-D000 12:07:10 SCENAR - cmd: SET_FORBIDEN_ACTION newEntity "None"
Y0-D000 12:07:10 SCENAR - cmd: SET_FORBIDEN_ACTION newEntity "Drink"
Y0-D000 12:47:11 SCENAR - Success chk3: Forbid action called =0 under 1
Y0-D000 12:47:11 SCENAR - cmd: CHECK_FORBID_ACT_CNT_UNDER newEntity 1
Y0-D000 12:47:11 SCENAR - cmd: SET_FORBIDEN_ACTION newEntity "None"
Y0-D000 12:47:11 SCENAR - cmd: MOVE_ENTITY newEntity 100 100 0
Y0-D000 12:47:11 SCENAR - cmd: MOVE_ENTITY mother 110 100 0
Y0-D000 12:47:11 SCENAR - cmd: CHANGE_PARAM newEntity "Hunger rate" 50
Y0-D000 12:47:11 SCENAR - cmd: CHANGE_PARAM newEntity "Stomach filling" 0
Y0-D000 12:47:16 SCENAR - Failure chk4: parameter Hunger rate value=50.000000 is over 40.000000
Y0-D000 12:47:16 SCENAR - cmd: CHECK_PARAM_UNDER newEntity "Hunger rate" 40
Y0-D000 12:47:21 SCENAR - Failure chk5: parameter Hunger rate value=50.000000 is over 30.000000
Y0-D000 12:47:21 SCENAR - cmd: CHECK_PARAM_UNDER newEntity "Hunger rate" 30
Y0-D000 12:47:26 SCENAR - Failure chk6: parameter Hunger rate value=50.000000 is over 20.000000
Y0-D000 12:47:26 SCENAR - cmd: CHECK_PARAM_UNDER newEntity "Hunger rate" 20
Y0-D000 12:47:26 SCENAR - cmd: MOVE_ENTITY newEntity 100 100 0
Y0-D000 12:47:26 SCENAR - cmd: MOVE_ENTITY mother 110 100 0
Y0-D000 12:47:26 BIOTOP - New entity : specie grass name prey0
Y0-D000 12:47:26 SCENAR - cmd: ADD_ENTITY prey0.xml 130 100
Y0-D000 12:47:26 SCENAR - cmd: ADD_ENTITY rock.xml 108 100
Y0-D000 12:47:26 SCENAR - cmd: CHANGE_PARAM mother "Hunger rate" 50
Y0-D000 12:47:26 SCENAR - cmd: CHANGE_PARAM prey0 "Tiredness rate" 80
Y0-D000 12:47:26 SCENAR - cmd: CHANGE_PARAM newEntity "Hunger rate" 50
Y0-D000 12:47:26 SCENAR - cmd: CHANGE_PARAM newEntity "Stomach filling" 0
Y0-D000 12:47:31 SCENAR - Success chk7: parameter Hunger rate value=38.000000 is under 40.000000
Y0-D000 12:47:31 SCENAR - cmd: CHECK_PARAM_UNDER newEntity "Hunger rate" 40
Y0-D000 12:47:36 SCENAR - Success chk8: parameter Hunger rate value=13.000000 is under 30.000000
Y0-D000 12:47:36 SCENAR - cmd: CHECK_PARAM_UNDER newEntity "Hunger rate" 30
Y0-D000 12:47:41 SCENAR - Success chk9: parameter Hunger rate value=10.600000 is under 20.000000
Y0-D000 12:47:41 SCENAR - cmd: CHECK_PARAM_UNDER newEntity "Hunger rate" 20
Y0-D000 12:47:41 SCENAR - cmd: MOVE_ENTITY prey0 120 120 5
Y0-D000 12:47:41 SCENAR - cmd: CHANGE_PARAM newEntity "Hunger rate" 50
Y0-D000 12:47:41 SCENAR - cmd: CHANGE_PARAM newEntity "Stomach filling" 0
Y0-D000 12:47:46 SCENAR - Success chk10: parameter Hunger rate value=36.600000 is under 40.000000
Y0-D000 12:47:46 SCENAR - cmd: CHECK_PARAM_UNDER newEntity "Hunger rate" 40
Y0-D000 12:47:51 SCENAR - Success chk11: parameter Hunger rate value=19.400000 is under 30.000000
Y0-D000 12:47:51 SCENAR - cmd: CHECK_PARAM_UNDER newEntity "Hunger rate" 30
Y0-D000 12:47:56 SCENAR - Success chk12: parameter Hunger rate value=12.400000 is under 20.000000
Y0-D000 12:47:56 SCENAR - cmd: CHECK_PARAM_UNDER newEntity "Hunger rate" 20
Y0-D000 12:47:56 SCENAR - cmd: MOVE_ENTITY newEntity 100 100 0
Y0-D000 12:47:56 SCENAR - cmd: MOVE_ENTITY mother 110 100 0
Y0-D000 12:47:56 BIOTOP - New entity : specie wolf name predator0
Y0-D000 12:47:56 SCENAR - cmd: ADD_ENTITY predator0.xml 120 100
Y0-D000 12:47:56 SCENAR - cmd: CHANGE_PARAM predator0 "Tiredness rate" 90
Y0-D000 13:07:00 SCENAR - cmd: DELETE_ENTITY predator0
Y0-D000 13:07:00 SCENAR - cmd: CHANGE_PARAM newEntity "Hunger rate" 50
Y0-D000 13:07:00 SCENAR - cmd: CHANGE_PARAM newEntity "Stomach filling" 0
Y0-D000 13:07:05 SCENAR - Failure chk13: parameter Hunger rate value=50.000000 is over 40.000000
Y0-D000 13:07:05 SCENAR - cmd: CHECK_PARAM_UNDER newEntity "Hunger rate" 40
Y0-D000 13:07:10 SCENAR - Failure chk14: parameter Hunger rate value=50.000000 is over 30.000000
Y0-D000 13:07:10 SCENAR - cmd: CHECK_PARAM_UNDER newEntity "Hunger rate" 30
Y0-D000 13:07:11 SCENAR - cmd: SAVE_BRAIN newEntity.xml
Y0-D000 13:07:11 SCENAR - New scenario loaded: adultLearning.scp
Y0-D000 13:07:11 BIOTOP - Load: file biotop_empty.bio path C:\frederic\ToolLTE\Perso\WinEvolution342\DataTraining_dear_AduM1\
BIOTOP - File load complete
Y0-D000 12:07:00 SCENAR - cmd: LOAD_BIOTOP biotop_empty.bio
Y0-D000 12:07:00 BIOTOP - New entity : specie dear name newEntity
Y0-D000 12:07:00 SCENAR - cmd: ADD_ENTITY newEntity.xml 100 100
Y0-D000 12:07:00 SCENAR - cmd: SET_IMMORTAL newEntity
Y0-D000 12:07:00 BIOTOP - Entity removed : specie dear name newEntity
Y0-D000 12:07:00 SCENAR - cmd: QUICK_AGEING newEntity 40
Y0-D000 12:07:05 SCENAR - cmd: CHANGE_PARAM newEntity "Hunger rate" 50
Y0-D000 12:07:05 SCENAR - cmd: SET_FORBIDEN_ACTION newEntity "Sleep"
Y0-D000 12:47:06 SCENAR - Success chk0: Forbid action called =0 under 1
Y0-D000 12:47:06 SCENAR - cmd: CHECK_FORBID_ACT_CNT_UNDER newEntity 1
Y0-D000 12:47:06 SCENAR - cmd: SET_FORBIDEN_ACTION newEntity "Drink"
Y0-D000 12:27:08 SCENAR - Success chk1: Forbid action called =0 under 1
Y0-D000 12:27:08 SCENAR - cmd: CHECK_FORBID_ACT_CNT_UNDER newEntity 1
Y0-D000 12:27:08 SCENAR - cmd: SET_FORBIDEN_ACTION newEntity "Eat0"
Y0-D000 12:07:10 SCENAR - Success chk2: Forbid action called =0 under 1
Y0-D000 12:07:10 SCENAR - cmd: CHECK_FORBID_ACT_CNT_UNDER newEntity 1
Y0-D000 12:07:10 SCENAR - cmd: SET_FORBIDEN_ACTION newEntity "Eat-1"
Y0-D000 12:47:11 SCENAR - Success chk3: Forbid action called =0 under 1
Y0-D000 12:47:11 SCENAR - cmd: CHECK_FORBID_ACT_CNT_UNDER newEntity 1
Y0-D000 12:47:11 SCENAR - cmd: SET_FORBIDEN_ACTION newEntity "Copulate"
Y0-D000 12:27:13 SCENAR - Success chk4: Forbid action called =0 under 1
Y0-D000 12:27:13 SCENAR - cmd: CHECK_FORBID_ACT_CNT_UNDER newEntity 1
Y0-D000 12:27:13 SCENAR - cmd: SET_FORBIDEN_ACTION newEntity "None"
Y0-D000 12:27:13 SCENAR - cmd: MOVE_ENTITY newEntity 100 100 0
Y0-D000 12:27:13 BIOTOP - New entity : specie grass name prey0
Y0-D000 12:27:13 SCENAR - cmd: ADD_ENTITY prey0.xml 110 105
Y0-D000 12:27:13 SCENAR - cmd: CHANGE_PARAM prey0 "Tiredness rate" 90
Y0-D000 12:27:18 SCENAR - Success chk5: parameter Hunger rate value=1.200000 is under 40.000000
Y0-D000 12:27:18 SCENAR - cmd: CHECK_PARAM_UNDER newEntity "Hunger rate" 40
Y0-D000 12:27:18 SCENAR - cmd: MOVE_ENTITY newEntity 100 100 0
Y0-D000 12:27:18 SCENAR - cmd: MOVE_ENTITY prey0 110 95 0
Y0-D000 12:27:18 SCENAR - cmd: CHANGE_PARAM prey0 "Tiredness rate" 90
Y0-D000 12:27:18 SCENAR - cmd: CHANGE_PARAM newEntity "Hunger rate" 50
Y0-D000 12:27:18 SCENAR - cmd: CHANGE_PARAM newEntity "Stomach filling" 0
Y0-D000 12:27:23 SCENAR - Success chk6: parameter Hunger rate value=13.200000 is under 40.000000
Y0-D000 12:27:23 SCENAR - cmd: CHECK_PARAM_UNDER newEntity "Hunger rate" 40
Y0-D000 12:27:23 SCENAR - cmd: CHANGE_PARAM newEntity "Hunger rate" 10
Y0-D000 12:07:25 SCENAR - cmd: DELETE_ENTITY prey0
Y0-D000 12:07:25 SCENAR - cmd: CHANGE_PARAM newEntity "Thirst rate" 50
Y0-D000 12:07:25 SCENAR - cmd: CHANGE_PARAM newEntity "Stomach filling" 0
Y0-D000 12:47:26 SCENAR - cmd: MOVE_ENTITY newEntity 100 100 0
Y0-D000 12:47:26 SCENAR - cmd: ADD_ENTITY water_puddle.xml 110 100
Y0-D000 12:47:36 SCENAR - Failure chk7: parameter Thirst rate value=50.000000 is over 20.000000
Y0-D000 12:47:36 SCENAR - cmd: CHECK_PARAM_UNDER newEntity "Thirst rate" 20
Y0-D000 12:47:36 SCENAR - cmd: CHANGE_PARAM newEntity "Thirst rate" 50
Y0-D000 12:47:36 SCENAR - cmd: CHANGE_PARAM newEntity "Stomach filling" 0
Y0-D000 12:47:36 SCENAR - cmd: MOVE_ENTITY newEntity 100 100 0
Y0-D000 12:47:36 SCENAR - cmd: ADD_ENTITY rock.xml 108 100
Y0-D000 12:47:46 SCENAR - Failure chk8: parameter Thirst rate value=50.000000 is over 20.000000
Y0-D000 12:47:46 SCENAR - cmd: CHECK_PARAM_UNDER newEntity "Thirst rate" 20
Y0-D000 12:47:46 SCENAR - cmd: DELETE_ENTITY water_puddle
Y0-D000 12:47:46 SCENAR - cmd: MOVE_ENTITY newEntity 100 100 0
Y0-D000 12:47:46 SCENAR - cmd: ADD_ENTITY rock.xml 108 101
Y0-D000 12:47:46 SCENAR - cmd: ADD_ENTITY rock.xml 108 99
Y0-D000 12:47:46 BIOTOP - New entity : specie grass name prey0
Y0-D000 12:47:46 SCENAR - cmd: ADD_ENTITY prey0.xml 110 100
Y0-D000 12:47:46 SCENAR - Success chk9: parameter Hunger rate value=0.000000 is under 40.000000
Y0-D000 12:47:46 SCENAR - cmd: CHECK_PARAM_UNDER newEntity "Hunger rate" 40
Y0-D000 12:47:46 SCENAR - cmd: CHANGE_PARAM newEntity "Suffering rate" 0
Y0-D000 12:27:48 SCENAR - Success chk10: parameter Suffering rate value=0.000000 is under 10.000000
Y0-D000 12:27:48 SCENAR - cmd: CHECK_PARAM_UNDER newEntity "Suffering rate" 10
Y0-D000 12:27:48 SCENAR - cmd: MOVE_ENTITY newEntity 100 100 0
Y0-D000 12:27:48 BIOTOP - New entity : specie wolf name predator0
Y0-D000 12:27:48 SCENAR - cmd: ADD_ENTITY predator0.xml 80 100
Y0-D000 12:27:48 SCENAR - cmd: CHANGE_PARAM predator0 "Tiredness rate" 40
Y0-D000 12:27:48 SCENAR - cmd: CHANGE_PARAM newEntity "Suffering rate" 0
Y0-D000 12:47:48 SCENAR - Success chk11: parameter Suffering rate value=0.000000 is under 1.000000
Y0-D000 12:47:48 SCENAR - cmd: CHECK_PARAM_UNDER newEntity "Suffering rate" 1
Y0-D000 12:47:48 SCENAR - cmd: CHANGE_PARAM newEntity "Stomach filling" 0
Y0-D000 12:47:48 SCENAR - cmd: SET_FORBIDEN_ACTION newEntity "Ruminate"
Y0-D000 12:47:53 SCENAR - Success chk12: Forbid action called =0 under 1
Y0-D000 12:47:53 SCENAR - cmd: CHECK_FORBID_ACT_CNT_UNDER newEntity 1
Y0-D000 12:47:53 SCENAR - cmd: SET_FORBIDEN_ACTION newEntity "None"
Y0-D000 12:47:53 SCENAR - cmd: SAVE_BRAIN newEntity.xml
Y0-D000 12:47:53 SCENAR - cmd: DELETE_ENTITY newEntity
Y0-D000 12:47:54 BIOTOP - Load: file biotop_river.bio path C:\frederic\ToolLTE\Perso\WinEvolution342\DataTraining_dear_AduM1\
BIOTOP - File load complete
Y0-D000 12:07:00 SCENAR - cmd: LOAD_BIOTOP biotop_river.bio
Y0-D000 12:07:00 BIOTOP - New entity : specie dear name newEntity
Y0-D000 12:07:00 SCENAR - cmd: ADD_ENTITY newEntity.xml 100 100
Y0-D000 12:07:00 SCENAR - cmd: SET_IMMORTAL newEntity
Y0-D000 12:07:00 BIOTOP - Entity removed : specie dear name newEntity
Y0-D000 12:07:00 SCENAR - cmd: QUICK_AGEING newEntity 40
Y0-D000 12:58:04 ANIMAL - Death : specie dear name newEntity is dead due to bad physical welfare
Y0-D000 12:07:05 SCENAR - Failure chk13: parameter Suffering rate value=99.900000 is over 20.000000
Y0-D000 12:07:05 SCENAR - cmd: CHECK_PARAM_UNDER newEntity "Suffering rate" 20
Y0-D000 12:07:05 BIOTOP - New entity : specie grass name prey0
Y0-D000 12:07:05 SCENAR - cmd: ADD_ENTITY prey0.xml 115 100
Y0-D000 12:07:05 SCENAR - cmd: CHANGE_PARAM prey0 "Tiredness rate" 90
Y0-D000 12:07:05 SCENAR - cmd: CHANGE_PARAM newEntity "Suffering rate" 0
Y0-D000 12:07:05 SCENAR - cmd: MOVE_ENTITY newEntity 98 100 0
Y0-D000 12:07:07 SCENAR - Success chk14: parameter Suffering rate value=0.000000 is under 20.000000
Y0-D000 12:07:07 SCENAR - cmd: CHECK_PARAM_UNDER newEntity "Suffering rate" 20
Y0-D000 12:07:07 SCENAR - cmd: MOVE_ENTITY newEntity 98 100 0
Y0-D000 12:07:07 SCENAR - cmd: CHANGE_PARAM newEntity "Suffering rate" 0
Y0-D000 12:07:09 SCENAR - Success chk15: parameter Suffering rate value=0.000000 is under 20.000000
Y0-D000 12:07:09 SCENAR - cmd: CHECK_PARAM_UNDER newEntity "Suffering rate" 20
Y0-D000 12:07:09 SCENAR - cmd: MOVE_ENTITY newEntity 98 100 0
Y0-D000 12:07:09 SCENAR - cmd: CHANGE_PARAM newEntity "Suffering rate" 0
Y0-D000 12:07:11 SCENAR - Success chk16: parameter Suffering rate value=0.000000 is under 20.000000
Y0-D000 12:07:11 SCENAR - cmd: CHECK_PARAM_UNDER newEntity "Suffering rate" 20
Y0-D000 12:07:11 SCENAR - cmd: MOVE_ENTITY newEntity 98 100 0
Y0-D000 12:07:11 SCENAR - cmd: CHANGE_PARAM newEntity "Hunger rate" 50
Y0-D000 12:07:11 SCENAR - cmd: CHANGE_PARAM newEntity "Suffering rate" 0
Y0-D000 12:07:13 SCENAR - Success chk17: parameter Suffering rate value=0.000000 is under 20.000000
Y0-D000 12:07:13 SCENAR - cmd: CHECK_PARAM_UNDER newEntity "Suffering rate" 20
Y0-D000 12:07:13 BIOTOP - New entity : specie grass name prey0
Y0-D000 12:07:13 SCENAR - cmd: ADD_ENTITY prey0.xml 100 108
Y0-D000 12:07:13 BIOTOP - New entity : specie grass name prey0
Y0-D000 12:07:13 SCENAR - cmd: ADD_ENTITY prey0.xml 100 92
Y0-D000 12:07:13 SCENAR - cmd: MOVE_ENTITY newEntity 98 100 0
Y0-D000 12:07:13 SCENAR - cmd: CHANGE_PARAM newEntity "Suffering rate" 0
Y0-D000 12:07:16 SCENAR - Success chk18: parameter Suffering rate value=0.000000 is under 20.000000
Y0-D000 12:07:16 SCENAR - cmd: CHECK_PARAM_UNDER newEntity "Suffering rate" 20
Y0-D000 12:07:16 SCENAR - cmd: CHANGE_PARAM newEntity "Suffering rate" 0
Y0-D000 12:07:19 SCENAR - Success chk19: parameter Suffering rate value=0.000000 is under 20.000000
Y0-D000 12:07:19 SCENAR - cmd: CHECK_PARAM_UNDER newEntity "Suffering rate" 20
Y0-D000 12:07:19 SCENAR - cmd: CHANGE_PARAM newEntity "Suffering rate" 0
Y0-D000 12:07:22 SCENAR - Success chk20: parameter Suffering rate value=0.000000 is under 20.000000
Y0-D000 12:07:22 SCENAR - cmd: CHECK_PARAM_UNDER newEntity "Suffering rate" 20
Y0-D000 12:07:22 SCENAR - cmd: MOVE_ENTITY newEntity 98 100 0
Y0-D000 12:07:23 SCENAR - cmd: CHANGE_PARAM newEntity "Suffering rate" 0
Y0-D000 12:47:39 SCENAR - Success chk21: parameter Suffering rate value=0.000000 is under 20.000000
Y0-D000 12:47:39 SCENAR - cmd: CHECK_PARAM_UNDER newEntity "Suffering rate" 20
Y0-D000 12:47:39 SCENAR - cmd: MOVE_ENTITY newEntity 98 100 0
Y0-D000 12:47:39 BIOTOP - New entity : specie wolf name predator0
Y0-D000 12:47:39 SCENAR - cmd: ADD_ENTITY predator0.xml 80 100
Y0-D000 12:47:39 SCENAR - cmd: CHANGE_PARAM predator0 "Tiredness rate" 40
Y0-D000 12:47:39 SCENAR - cmd: SET_FORBIDEN_ACTION newEntity "Sleep"
Y0-D000 12:48:39 SCENAR - cmd: CHANGE_PARAM newEntity "Suffering rate" 0
Y0-D000 12:08:48 SCENAR - Success chk22: parameter Suffering rate value=0.000000 is under 20.000000
Y0-D000 12:08:48 SCENAR - cmd: CHECK_PARAM_UNDER newEntity "Suffering rate" 20
Y0-D000 12:28:56 SCENAR - Success chk23: Forbid action called =0 under 1
Y0-D000 12:28:56 SCENAR - cmd: CHECK_FORBID_ACT_CNT_UNDER newEntity 1
Y0-D000 12:28:57 SCENAR - cmd: SAVE_BRAIN newEntity.xml
Y0-D000 12:28:57 SCENAR - New scenario loaded: prairieLearning.scp
Y0-D000 12:28:57 BIOTOP - Load: file biotop_prairie.bio path C:\frederic\ToolLTE\Perso\WinEvolution342\DataTraining_dear_AduM1\
BIOTOP - File load complete
Y0-D000 12:07:00 SCENAR - cmd: LOAD_BIOTOP biotop_prairie.bio
Y0-D000 12:07:00 BIOTOP - New entity : specie dear name newEntity
Y0-D000 12:07:00 SCENAR - cmd: ADD_ENTITY newEntity.xml 60 100
Y0-D000 12:07:00 SCENAR - cmd: SET_IMMORTAL newEntity
Y0-D000 12:07:00 BIOTOP - Entity removed : specie dear name newEntity
Y0-D000 12:07:00 SCENAR - cmd: QUICK_AGEING newEntity 30
Y0-D000 12:13:00 SCENAR - cmd: CHANGE_PARAM newEntity "Thirst rate" 10
Y0-D000 12:13:00 SCENAR - cmd: CHANGE_PARAM newEntity "Stomach filling" 0
Y0-D000 12:13:00 SCENAR - cmd: SET_FORBIDEN_ACTION newEntity "Drink"
Y0-D000 12:53:01 SCENAR - Failure chk0: Forbid action called =1 over 1
Y0-D000 12:53:01 SCENAR - cmd: CHECK_FORBID_ACT_CNT_UNDER newEntity 1
Y0-D000 12:53:01 SCENAR - cmd: SET_FORBIDEN_ACTION newEntity "Eat0"
Y0-D000 12:33:03 SCENAR - Success chk1: Forbid action called =0 under 1
Y0-D000 12:33:03 SCENAR - cmd: CHECK_FORBID_ACT_CNT_UNDER newEntity 1
Y0-D000 12:33:03 SCENAR - cmd: SET_FORBIDEN_ACTION newEntity "Sleep"
Y0-D000 12:13:05 SCENAR - Success chk2: Forbid action called =0 under 1
Y0-D000 12:13:05 SCENAR - cmd: CHECK_FORBID_ACT_CNT_UNDER newEntity 1
Y0-D000 12:13:05 SCENAR - cmd: SET_FORBIDEN_ACTION newEntity "none"
Y0-D000 12:13:05 SCENAR - cmd: MOVE_ENTITY newEntity 60 100 0
Y0-D000 12:13:05 BIOTOP - New entity : specie grass name prey0
Y0-D000 12:13:05 SCENAR - cmd: ADD_ENTITY prey0.xml 110 105
Y0-D000 12:13:05 SCENAR - cmd: CHANGE_PARAM prey0 "Tiredness rate" 90
Y0-D000 12:13:05 SCENAR - cmd: CHANGE_PARAM newEntity "Stomach filling" 0
Y0-D000 12:13:05 SCENAR - cmd: CHANGE_PARAM newEntity "Thirst rate" 50
Y0-D000 12:13:05 SCENAR - cmd: CHANGE_PARAM newEntity "Hunger rate" 60
Y0-D000 12:13:15 SCENAR - Success chk3: parameter Suffering rate value=0.000000 is under 10.000000
Y0-D000 12:13:15 SCENAR - cmd: CHECK_PARAM_UNDER newEntity "Suffering rate" 10
Y0-D000 12:13:15 SCENAR - cmd: CHANGE_PARAM newEntity "Stomach filling" 0
Y0-D000 12:13:25 SCENAR - Success chk4: parameter Hunger rate value=0.000000 is under 40.000000
Y0-D000 12:13:25 SCENAR - cmd: CHECK_PARAM_UNDER newEntity "Hunger rate" 40
Y0-D000 12:13:25 SCENAR - Success chk5: parameter Thirst rate value=32.900000 is under 40.000000
Y0-D000 12:13:25 SCENAR - cmd: CHECK_PARAM_UNDER newEntity "Thirst rate" 40
Y0-D000 12:13:25 SCENAR - Success chk6: parameter Suffering rate value=0.000000 is under 10.000000
Y0-D000 12:13:25 SCENAR - cmd: CHECK_PARAM_UNDER newEntity "Suffering rate" 10
Y0-D000 12:13:25 SCENAR - cmd: MOVE_ENTITY newEntity 60 100 0
Y0-D000 12:13:25 SCENAR - cmd: CHANGE_PARAM newEntity "Stomach filling" 98
Y0-D000 12:13:25 SCENAR - cmd: CHANGE_PARAM newEntity "Hunger rate" 0
Y0-D000 12:13:25 SCENAR - cmd: SET_FORBIDEN_ACTION newEntity "Eat-1"
Y0-D000 12:33:28 SCENAR - Failure chk7: Forbid action called =3 over 1
Y0-D000 12:33:28 SCENAR - cmd: CHECK_FORBID_ACT_CNT_UNDER newEntity 1
Y0-D000 12:33:28 SCENAR - cmd: SET_FORBIDEN_ACTION newEntity "Eat0"
Y0-D000 12:53:31 SCENAR - Failure chk8: Forbid action called =3 over 1
Y0-D000 12:53:31 SCENAR - cmd: CHECK_FORBID_ACT_CNT_UNDER newEntity 1
Y0-D000 12:53:31 SCENAR - cmd: MOVE_ENTITY newEntity 60 100 0
Y0-D000 12:53:31 BIOTOP - New entity : specie wolf name predator0
Y0-D000 12:53:31 SCENAR - cmd: ADD_ENTITY predator0.xml 40 100
Y0-D000 12:53:31 SCENAR - cmd: CHANGE_PARAM predator0 "Tiredness rate" 40
Y0-D000 12:53:31 SCENAR - cmd: SET_FORBIDEN_ACTION newEntity "Sleep"
Y0-D000 12:54:31 SCENAR - cmd: CHANGE_PARAM newEntity "Suffering rate" 0
Y0-D000 12:14:40 SCENAR - Success chk9: parameter Suffering rate value=0.000000 is under 20.000000
Y0-D000 12:14:40 SCENAR - cmd: CHECK_PARAM_UNDER newEntity "Suffering rate" 20
Y0-D000 12:34:48 SCENAR - Failure chk10: Forbid action called =3 over 1
Y0-D000 12:34:48 SCENAR - cmd: CHECK_FORBID_ACT_CNT_UNDER newEntity 1
Y0-D000 12:34:48 SCENAR - cmd: DELETE_ENTITY predator0
Y0-D000 12:34:48 SCENAR - cmd: SET_FORBIDEN_ACTION newEntity "Copulate"
Y0-D000 12:34:48 SCENAR - cmd: MOVE_ENTITY newEntity 60 100 0
Y0-D000 12:34:48 BIOTOP - New entity : specie dear name mother
Y0-D000 12:34:48 SCENAR - cmd: ADD_ENTITY mother.xml 50 100
Y0-D000 12:34:58 SCENAR - cmd: CHANGE_BIOTOP_PARAM "Sunlight" 1
Y0-D000 12:00:60 BIOTOP - Entity removed : specie wolf name predator0
Y0-D000 13:14:00 SCENAR - Failure chk11: Forbid action called =3 over 1
Y0-D000 13:14:00 SCENAR - cmd: CHECK_FORBID_ACT_CNT_UNDER newEntity 1
Y0-D000 13:14:00 SCENAR - cmd: SET_FORBIDEN_ACTION newEntity "Walk"
Y0-D000 13:34:03 SCENAR - Success chk12: Forbid action called =0 under 1
Y0-D000 13:34:03 SCENAR - cmd: CHECK_FORBID_ACT_CNT_UNDER newEntity 1
Y0-D000 13:34:04 SCENAR - cmd: SAVE_BRAIN newEntity.xml
Y0-D000 13:34:04 SCENAR - New scenario loaded: babyLearning.scp
Y0-D000 13:34:04 BIOTOP - Load: file biotop_empty.bio path C:\frederic\ToolLTE\Perso\WinEvolution342\DataTraining_dear_AduM1\
BIOTOP - File load complete
Y0-D000 12:07:00 SCENAR - cmd: LOAD_BIOTOP biotop_empty.bio
Y0-D000 12:07:00 BIOTOP - New entity : specie dear name newEntity
Y0-D000 12:07:00 SCENAR - cmd: ADD_ENTITY newEntity.xml 100 100
Y0-D000 12:07:00 SCENAR - cmd: SET_IMMORTAL newEntity
Y0-D000 12:07:00 BIOTOP - Entity removed : specie dear name newEntity
Y0-D000 12:07:00 SCENAR - cmd: QUICK_AGEING newEntity 1
Y0-D000 12:07:05 SCENAR - cmd: MOVE_ENTITY newEntity 100 100 0
Y0-D000 12:07:05 BIOTOP - New entity : specie dear name mother
Y0-D000 12:07:05 SCENAR - cmd: ADD_ENTITY mother.xml 120 100
Y0-D000 12:07:05 SCENAR - cmd: SET_FORBIDEN_ACTION newEntity "Eat-1"
Y0-D000 12:47:06 SCENAR - Success chk0: Forbid action called =0 under 1
Y0-D000 12:47:06 SCENAR - cmd: CHECK_FORBID_ACT_CNT_UNDER newEntity 1
Y0-D000 12:47:06 SCENAR - cmd: SET_FORBIDEN_ACTION newEntity "Ruminate"
Y0-D000 12:27:08 SCENAR - Success chk1: Forbid action called =0 under 1
Y0-D000 12:27:08 SCENAR - cmd: CHECK_FORBID_ACT_CNT_UNDER newEntity 1
Y0-D000 12:27:08 SCENAR - cmd: SET_FORBIDEN_ACTION newEntity "Copulate"
Y0-D000 12:07:10 SCENAR - Success chk2: Forbid action called =0 under 1
Y0-D000 12:07:10 SCENAR - cmd: CHECK_FORBID_ACT_CNT_UNDER newEntity 1
Y0-D000 12:07:10 SCENAR - cmd: SET_FORBIDEN_ACTION newEntity "None"
Y0-D000 12:07:10 SCENAR - cmd: SET_FORBIDEN_ACTION newEntity "Drink"
Y0-D000 12:47:11 SCENAR - Success chk3: Forbid action called =0 under 1
Y0-D000 12:47:11 SCENAR - cmd: CHECK_FORBID_ACT_CNT_UNDER newEntity 1
Y0-D000 12:47:11 SCENAR - cmd: SET_FORBIDEN_ACTION newEntity "None"
Y0-D000 12:47:11 SCENAR - cmd: MOVE_ENTITY newEntity 100 100 0
Y0-D000 12:47:11 SCENAR - cmd: MOVE_ENTITY mother 110 100 0
Y0-D000 12:47:11 SCENAR - cmd: CHANGE_PARAM newEntity "Hunger rate" 50
Y0-D000 12:47:11 SCENAR - cmd: CHANGE_PARAM newEntity "Stomach filling" 0
Y0-D000 12:47:16 SCENAR - Success chk4: parameter Hunger rate value=27.800000 is under 40.000000
Y0-D000 12:47:16 SCENAR - cmd: CHECK_PARAM_UNDER newEntity "Hunger rate" 40
Y0-D000 12:47:21 SCENAR - Success chk5: parameter Hunger rate value=12.200000 is under 30.000000
Y0-D000 12:47:21 SCENAR - cmd: CHECK_PARAM_UNDER newEntity "Hunger rate" 30
Y0-D000 12:47:26 SCENAR - Success chk6: parameter Hunger rate value=11.400000 is under 20.000000
Y0-D000 12:47:26 SCENAR - cmd: CHECK_PARAM_UNDER newEntity "Hunger rate" 20
Y0-D000 12:47:26 SCENAR - cmd: MOVE_ENTITY newEntity 100 100 0
Y0-D000 12:47:26 SCENAR - cmd: MOVE_ENTITY mother 110 100 0
Y0-D000 12:47:26 BIOTOP - New entity : specie grass name prey0
Y0-D000 12:47:26 SCENAR - cmd: ADD_ENTITY prey0.xml 130 100
Y0-D000 12:47:26 SCENAR - cmd: ADD_ENTITY rock.xml 108 100
Y0-D000 12:47:26 SCENAR - cmd: CHANGE_PARAM mother "Hunger rate" 50
Y0-D000 12:47:26 SCENAR - cmd: CHANGE_PARAM prey0 "Tiredness rate" 80
Y0-D000 12:47:26 SCENAR - cmd: CHANGE_PARAM newEntity "Hunger rate" 50
Y0-D000 12:47:26 SCENAR - cmd: CHANGE_PARAM newEntity "Stomach filling" 0
Y0-D000 12:47:31 SCENAR - Success chk7: parameter Hunger rate value=34.800000 is under 40.000000
Y0-D000 12:47:31 SCENAR - cmd: CHECK_PARAM_UNDER newEntity "Hunger rate" 40
Y0-D000 12:47:36 SCENAR - Success chk8: parameter Hunger rate value=27.200000 is under 30.000000
Y0-D000 12:47:36 SCENAR - cmd: CHECK_PARAM_UNDER newEntity "Hunger rate" 30
Y0-D000 12:47:41 SCENAR - Failure chk9: parameter Hunger rate value=24.800000 is over 20.000000
Y0-D000 12:47:41 SCENAR - cmd: CHECK_PARAM_UNDER newEntity "Hunger rate" 20
Y0-D000 12:47:41 SCENAR - cmd: MOVE_ENTITY prey0 120 120 5
Y0-D000 12:47:41 SCENAR - cmd: CHANGE_PARAM newEntity "Hunger rate" 50
Y0-D000 12:47:41 SCENAR - cmd: CHANGE_PARAM newEntity "Stomach filling" 0
Y0-D000 12:47:46 SCENAR - Failure chk10: parameter Hunger rate value=50.000000 is over 40.000000
Y0-D000 12:47:46 SCENAR - cmd: CHECK_PARAM_UNDER newEntity "Hunger rate" 40
Y0-D000 12:47:51 SCENAR - Failure chk11: parameter Hunger rate value=50.000000 is over 30.000000
Y0-D000 12:47:51 SCENAR - cmd: CHECK_PARAM_UNDER newEntity "Hunger rate" 30
Y0-D000 12:47:56 SCENAR - Failure chk12: parameter Hunger rate value=50.000000 is over 20.000000
Y0-D000 12:47:56 SCENAR - cmd: CHECK_PARAM_UNDER newEntity "Hunger rate" 20
Y0-D000 12:47:56 SCENAR - cmd: MOVE_ENTITY newEntity 100 100 0
Y0-D000 12:47:56 SCENAR - cmd: MOVE_ENTITY mother 110 100 0
Y0-D000 12:47:56 BIOTOP - New entity : specie wolf name predator0
Y0-D000 12:47:56 SCENAR - cmd: ADD_ENTITY predator0.xml 120 100
Y0-D000 12:47:56 SCENAR - cmd: CHANGE_PARAM predator0 "Tiredness rate" 90
Y0-D000 13:07:00 SCENAR - cmd: DELETE_ENTITY predator0
Y0-D000 13:07:00 SCENAR - cmd: CHANGE_PARAM newEntity "Hunger rate" 50
Y0-D000 13:07:00 SCENAR - cmd: CHANGE_PARAM newEntity "Stomach filling" 0
Y0-D000 13:07:05 SCENAR - Failure chk13: parameter Hunger rate value=50.000000 is over 40.000000
Y0-D000 13:07:05 SCENAR - cmd: CHECK_PARAM_UNDER newEntity "Hunger rate" 40
Y0-D000 13:07:10 SCENAR - Failure chk14: parameter Hunger rate value=50.000000 is over 30.000000
Y0-D000 13:07:10 SCENAR - cmd: CHECK_PARAM_UNDER newEntity "Hunger rate" 30
Y0-D000 13:07:11 SCENAR - cmd: SAVE_BRAIN newEntity.xml
Y0-D000 13:07:11 SCENAR - New scenario loaded: adultLearning.scp
Y0-D000 13:07:11 BIOTOP - Load: file biotop_empty.bio path C:\frederic\ToolLTE\Perso\WinEvolution342\DataTraining_dear_AduM1\
BIOTOP - File load complete
Y0-D000 12:07:00 SCENAR - cmd: LOAD_BIOTOP biotop_empty.bio
Y0-D000 12:07:00 BIOTOP - New entity : specie dear name newEntity
Y0-D000 12:07:00 SCENAR - cmd: ADD_ENTITY newEntity.xml 100 100
Y0-D000 12:07:00 SCENAR - cmd: SET_IMMORTAL newEntity
Y0-D000 12:07:00 BIOTOP - Entity removed : specie dear name newEntity
Y0-D000 12:07:00 SCENAR - cmd: QUICK_AGEING newEntity 40
Y0-D000 12:07:05 SCENAR - cmd: CHANGE_PARAM newEntity "Hunger rate" 50
Y0-D000 12:07:05 SCENAR - cmd: SET_FORBIDEN_ACTION newEntity "Sleep"
Y0-D000 12:47:06 SCENAR - Success chk0: Forbid action called =0 under 1
Y0-D000 12:47:06 SCENAR - cmd: CHECK_FORBID_ACT_CNT_UNDER newEntity 1
Y0-D000 12:47:06 SCENAR - cmd: SET_FORBIDEN_ACTION newEntity "Drink"
Y0-D000 12:27:08 SCENAR - Success chk1: Forbid action called =0 under 1
Y0-D000 12:27:08 SCENAR - cmd: CHECK_FORBID_ACT_CNT_UNDER newEntity 1
Y0-D000 12:27:08 SCENAR - cmd: SET_FORBIDEN_ACTION newEntity "Eat0"
Y0-D000 12:07:10 SCENAR - Success chk2: Forbid action called =0 under 1
Y0-D000 12:07:10 SCENAR - cmd: CHECK_FORBID_ACT_CNT_UNDER newEntity 1
Y0-D000 12:07:10 SCENAR - cmd: SET_FORBIDEN_ACTION newEntity "Eat-1"
Y0-D000 12:47:11 SCENAR - Success chk3: Forbid action called =0 under 1
Y0-D000 12:47:11 SCENAR - cmd: CHECK_FORBID_ACT_CNT_UNDER newEntity 1
Y0-D000 12:47:11 SCENAR - cmd: SET_FORBIDEN_ACTION newEntity "Copulate"
Y0-D000 12:27:13 SCENAR - Success chk4: Forbid action called =0 under 1
Y0-D000 12:27:13 SCENAR - cmd: CHECK_FORBID_ACT_CNT_UNDER newEntity 1
Y0-D000 12:27:13 SCENAR - cmd: SET_FORBIDEN_ACTION newEntity "None"
Y0-D000 12:27:13 SCENAR - cmd: MOVE_ENTITY newEntity 100 100 0
Y0-D000 12:27:13 BIOTOP - New entity : specie grass name prey0
Y0-D000 12:27:13 SCENAR - cmd: ADD_ENTITY prey0.xml 110 105
Y0-D000 12:27:13 SCENAR - cmd: CHANGE_PARAM prey0 "Tiredness rate" 90
Y0-D000 12:27:18 SCENAR - Success chk5: parameter Hunger rate value=0.000000 is under 40.000000
Y0-D000 12:27:18 SCENAR - cmd: CHECK_PARAM_UNDER newEntity "Hunger rate" 40
Y0-D000 12:27:18 SCENAR - cmd: MOVE_ENTITY newEntity 100 100 0
Y0-D000 12:27:18 SCENAR - cmd: MOVE_ENTITY prey0 110 95 0
Y0-D000 12:27:18 SCENAR - cmd: CHANGE_PARAM prey0 "Tiredness rate" 90
Y0-D000 12:27:18 SCENAR - cmd: CHANGE_PARAM newEntity "Hunger rate" 50
Y0-D000 12:27:18 SCENAR - cmd: CHANGE_PARAM newEntity "Stomach filling" 0
Y0-D000 12:27:23 SCENAR - Success chk6: parameter Hunger rate value=3.200000 is under 40.000000
Y0-D000 12:27:23 SCENAR - cmd: CHECK_PARAM_UNDER newEntity "Hunger rate" 40
Y0-D000 12:27:23 SCENAR - cmd: CHANGE_PARAM newEntity "Hunger rate" 10
Y0-D000 12:07:25 SCENAR - cmd: DELETE_ENTITY prey0
Y0-D000 12:07:25 SCENAR - cmd: CHANGE_PARAM newEntity "Thirst rate" 50
Y0-D000 12:07:25 SCENAR - cmd: CHANGE_PARAM newEntity "Stomach filling" 0
Y0-D000 12:47:26 SCENAR - cmd: MOVE_ENTITY newEntity 100 100 0
Y0-D000 12:47:26 SCENAR - cmd: ADD_ENTITY water_puddle.xml 110 100
Y0-D000 12:47:36 SCENAR - Failure chk7: parameter Thirst rate value=49.000000 is over 20.000000
Y0-D000 12:47:36 SCENAR - cmd: CHECK_PARAM_UNDER newEntity "Thirst rate" 20
Y0-D000 12:47:36 SCENAR - cmd: CHANGE_PARAM newEntity "Thirst rate" 50
Y0-D000 12:47:36 SCENAR - cmd: CHANGE_PARAM newEntity "Stomach filling" 0
Y0-D000 12:47:36 SCENAR - cmd: MOVE_ENTITY newEntity 100 100 0
Y0-D000 12:47:36 SCENAR - cmd: ADD_ENTITY rock.xml 108 100
Y0-D000 12:47:46 SCENAR - Failure chk8: parameter Thirst rate value=48.000000 is over 20.000000
Y0-D000 12:47:46 SCENAR - cmd: CHECK_PARAM_UNDER newEntity "Thirst rate" 20
Y0-D000 12:47:46 SCENAR - cmd: DELETE_ENTITY water_puddle
Y0-D000 12:47:46 SCENAR - cmd: MOVE_ENTITY newEntity 100 100 0
Y0-D000 12:47:46 SCENAR - cmd: ADD_ENTITY rock.xml 108 101
Y0-D000 12:47:46 SCENAR - cmd: ADD_ENTITY rock.xml 108 99
Y0-D000 12:47:46 BIOTOP - New entity : specie grass name prey0
Y0-D000 12:47:46 SCENAR - cmd: ADD_ENTITY prey0.xml 110 100
Y0-D000 12:47:46 SCENAR - Success chk9: parameter Hunger rate value=0.000000 is under 40.000000
Y0-D000 12:47:46 SCENAR - cmd: CHECK_PARAM_UNDER newEntity "Hunger rate" 40
Y0-D000 12:47:46 SCENAR - cmd: CHANGE_PARAM newEntity "Suffering rate" 0
Y0-D000 12:27:48 SCENAR - Success chk10: parameter Suffering rate value=0.000000 is under 10.000000
Y0-D000 12:27:48 SCENAR - cmd: CHECK_PARAM_UNDER newEntity "Suffering rate" 10
Y0-D000 12:27:48 SCENAR - cmd: MOVE_ENTITY newEntity 100 100 0
Y0-D000 12:27:48 BIOTOP - New entity : specie wolf name predator0
Y0-D000 12:27:48 SCENAR - cmd: ADD_ENTITY predator0.xml 80 100
Y0-D000 12:27:48 SCENAR - cmd: CHANGE_PARAM predator0 "Tiredness rate" 40
Y0-D000 12:27:48 SCENAR - cmd: CHANGE_PARAM newEntity "Suffering rate" 0
Y0-D000 12:47:48 SCENAR - Success chk11: parameter Suffering rate value=0.000000 is under 1.000000
Y0-D000 12:47:48 SCENAR - cmd: CHECK_PARAM_UNDER newEntity "Suffering rate" 1
Y0-D000 12:47:48 SCENAR - cmd: CHANGE_PARAM newEntity "Stomach filling" 0
Y0-D000 12:47:48 SCENAR - cmd: SET_FORBIDEN_ACTION newEntity "Ruminate"
Y0-D000 12:47:53 SCENAR - Success chk12: Forbid action called =0 under 1
Y0-D000 12:47:53 SCENAR - cmd: CHECK_FORBID_ACT_CNT_UNDER newEntity 1
Y0-D000 12:47:53 SCENAR - cmd: SET_FORBIDEN_ACTION newEntity "None"
Y0-D000 12:47:53 SCENAR - cmd: SAVE_BRAIN newEntity.xml
Y0-D000 12:47:53 SCENAR - cmd: DELETE_ENTITY newEntity
Y0-D000 12:47:54 BIOTOP - Load: file biotop_river.bio path C:\frederic\ToolLTE\Perso\WinEvolution342\DataTraining_dear_AduM1\
BIOTOP - File load complete
Y0-D000 12:07:00 SCENAR - cmd: LOAD_BIOTOP biotop_river.bio
Y0-D000 12:07:00 BIOTOP - New entity : specie dear name newEntity
Y0-D000 12:07:00 SCENAR - cmd: ADD_ENTITY newEntity.xml 100 100
Y0-D000 12:07:00 SCENAR - cmd: SET_IMMORTAL newEntity
Y0-D000 12:07:00 BIOTOP - Entity removed : specie dear name newEntity
Y0-D000 12:07:00 SCENAR - cmd: QUICK_AGEING newEntity 40
Y0-D000 12:07:05 SCENAR - Success chk13: parameter Suffering rate value=0.000000 is under 20.000000
Y0-D000 12:07:05 SCENAR - cmd: CHECK_PARAM_UNDER newEntity "Suffering rate" 20
Y0-D000 12:07:05 BIOTOP - New entity : specie grass name prey0
Y0-D000 12:07:05 SCENAR - cmd: ADD_ENTITY prey0.xml 115 100
Y0-D000 12:07:05 SCENAR - cmd: CHANGE_PARAM prey0 "Tiredness rate" 90
Y0-D000 12:07:05 SCENAR - cmd: CHANGE_PARAM newEntity "Suffering rate" 0
Y0-D000 12:07:05 SCENAR - cmd: MOVE_ENTITY newEntity 98 100 0
Y0-D000 12:07:07 SCENAR - Success chk14: parameter Suffering rate value=0.000000 is under 20.000000
Y0-D000 12:07:07 SCENAR - cmd: CHECK_PARAM_UNDER newEntity "Suffering rate" 20
Y0-D000 12:07:07 SCENAR - cmd: MOVE_ENTITY newEntity 98 100 0
Y0-D000 12:07:07 SCENAR - cmd: CHANGE_PARAM newEntity "Suffering rate" 0
Y0-D000 12:07:09 SCENAR - Success chk15: parameter Suffering rate value=0.000000 is under 20.000000
Y0-D000 12:07:09 SCENAR - cmd: CHECK_PARAM_UNDER newEntity "Suffering rate" 20
Y0-D000 12:07:09 SCENAR - cmd: MOVE_ENTITY newEntity 98 100 0
Y0-D000 12:07:09 SCENAR - cmd: CHANGE_PARAM newEntity "Suffering rate" 0
Y0-D000 12:07:11 SCENAR - Failure chk16: parameter Suffering rate value=88.300000 is over 20.000000
Y0-D000 12:07:11 SCENAR - cmd: CHECK_PARAM_UNDER newEntity "Suffering rate" 20
Y0-D000 12:07:11 SCENAR - cmd: MOVE_ENTITY newEntity 98 100 0
Y0-D000 12:07:11 SCENAR - cmd: CHANGE_PARAM newEntity "Hunger rate" 50
Y0-D000 12:07:11 SCENAR - cmd: CHANGE_PARAM newEntity "Suffering rate" 0
Y0-D000 12:07:13 SCENAR - Success chk17: parameter Suffering rate value=0.000000 is under 20.000000
Y0-D000 12:07:13 SCENAR - cmd: CHECK_PARAM_UNDER newEntity "Suffering rate" 20
Y0-D000 12:07:13 BIOTOP - New entity : specie grass name prey0
Y0-D000 12:07:13 SCENAR - cmd: ADD_ENTITY prey0.xml 100 108
Y0-D000 12:07:13 BIOTOP - New entity : specie grass name prey0
Y0-D000 12:07:13 SCENAR - cmd: ADD_ENTITY prey0.xml 100 92
Y0-D000 12:07:13 SCENAR - cmd: MOVE_ENTITY newEntity 98 100 0
Y0-D000 12:07:13 SCENAR - cmd: CHANGE_PARAM newEntity "Suffering rate" 0
Y0-D000 12:58:14 ANIMAL - Death : specie dear name newEntity is dead due to bad physical welfare
Y0-D000 12:07:16 SCENAR - Failure chk18: parameter Suffering rate value=99.900000 is over 20.000000
Y0-D000 12:07:16 SCENAR - cmd: CHECK_PARAM_UNDER newEntity "Suffering rate" 20
Y0-D000 12:07:16 SCENAR - cmd: CHANGE_PARAM newEntity "Suffering rate" 0
Y0-D000 12:07:19 SCENAR - Success chk19: parameter Suffering rate value=0.000000 is under 20.000000
Y0-D000 12:07:19 SCENAR - cmd: CHECK_PARAM_UNDER newEntity "Suffering rate" 20
Y0-D000 12:07:19 SCENAR - cmd: CHANGE_PARAM newEntity "Suffering rate" 0
Y0-D000 12:07:22 SCENAR - Success chk20: parameter Suffering rate value=0.000000 is under 20.000000
Y0-D000 12:07:22 SCENAR - cmd: CHECK_PARAM_UNDER newEntity "Suffering rate" 20
Y0-D000 12:07:22 SCENAR - cmd: MOVE_ENTITY newEntity 98 100 0
Y0-D000 12:07:23 SCENAR - cmd: CHANGE_PARAM newEntity "Suffering rate" 0
Y0-D000 12:47:39 SCENAR - Success chk21: parameter Suffering rate value=0.000000 is under 20.000000
Y0-D000 12:47:39 SCENAR - cmd: CHECK_PARAM_UNDER newEntity "Suffering rate" 20
Y0-D000 12:47:39 SCENAR - cmd: MOVE_ENTITY newEntity 98 100 0
Y0-D000 12:47:39 BIOTOP - New entity : specie wolf name predator0
Y0-D000 12:47:39 SCENAR - cmd: ADD_ENTITY predator0.xml 80 100
Y0-D000 12:47:39 SCENAR - cmd: CHANGE_PARAM predator0 "Tiredness rate" 40
Y0-D000 12:47:39 SCENAR - cmd: SET_FORBIDEN_ACTION newEntity "Sleep"
Y0-D000 12:48:39 SCENAR - cmd: CHANGE_PARAM newEntity "Suffering rate" 0
Y0-D000 12:08:48 SCENAR - Success chk22: parameter Suffering rate value=0.000000 is under 20.000000
Y0-D000 12:08:48 SCENAR - cmd: CHECK_PARAM_UNDER newEntity "Suffering rate" 20
Y0-D000 12:28:56 SCENAR - Success chk23: Forbid action called =0 under 1
Y0-D000 12:28:56 SCENAR - cmd: CHECK_FORBID_ACT_CNT_UNDER newEntity 1
Y0-D000 12:28:57 SCENAR - cmd: SAVE_BRAIN newEntity.xml
Y0-D000 12:28:57 SCENAR - New scenario loaded: prairieLearning.scp
Y0-D000 12:28:57 BIOTOP - Load: file biotop_prairie.bio path C:\frederic\ToolLTE\Perso\WinEvolution342\DataTraining_dear_AduM1\
BIOTOP - File load complete
Y0-D000 12:07:00 SCENAR - cmd: LOAD_BIOTOP biotop_prairie.bio
Y0-D000 12:07:00 BIOTOP - New entity : specie dear name newEntity
Y0-D000 12:07:00 SCENAR - cmd: ADD_ENTITY newEntity.xml 60 100
Y0-D000 12:07:00 SCENAR - cmd: SET_IMMORTAL newEntity
Y0-D000 12:07:00 BIOTOP - Entity removed : specie dear name newEntity
Y0-D000 12:07:00 SCENAR - cmd: QUICK_AGEING newEntity 30
Y0-D000 12:13:00 SCENAR - cmd: CHANGE_PARAM newEntity "Thirst rate" 10
Y0-D000 12:13:00 SCENAR - cmd: CHANGE_PARAM newEntity "Stomach filling" 0
Y0-D000 12:13:00 SCENAR - cmd: SET_FORBIDEN_ACTION newEntity "Drink"
Y0-D000 12:53:01 SCENAR - Success chk0: Forbid action called =0 under 1
Y0-D000 12:53:01 SCENAR - cmd: CHECK_FORBID_ACT_CNT_UNDER newEntity 1
Y0-D000 12:53:01 SCENAR - cmd: SET_FORBIDEN_ACTION newEntity "Eat0"
Y0-D000 12:33:03 SCENAR - Success chk1: Forbid action called =0 under 1
Y0-D000 12:33:03 SCENAR - cmd: CHECK_FORBID_ACT_CNT_UNDER newEntity 1
Y0-D000 12:33:03 SCENAR - cmd: SET_FORBIDEN_ACTION newEntity "Sleep"
Y0-D000 12:13:05 SCENAR - Success chk2: Forbid action called =0 under 1
Y0-D000 12:13:05 SCENAR - cmd: CHECK_FORBID_ACT_CNT_UNDER newEntity 1
Y0-D000 12:13:05 SCENAR - cmd: SET_FORBIDEN_ACTION newEntity "none"
Y0-D000 12:13:05 SCENAR - cmd: MOVE_ENTITY newEntity 60 100 0
Y0-D000 12:13:05 BIOTOP - New entity : specie grass name prey0
Y0-D000 12:13:05 SCENAR - cmd: ADD_ENTITY prey0.xml 110 105
Y0-D000 12:13:05 SCENAR - cmd: CHANGE_PARAM prey0 "Tiredness rate" 90
Y0-D000 12:13:05 SCENAR - cmd: CHANGE_PARAM newEntity "Stomach filling" 0
Y0-D000 12:13:05 SCENAR - cmd: CHANGE_PARAM newEntity "Thirst rate" 50
Y0-D000 12:13:05 SCENAR - cmd: CHANGE_PARAM newEntity "Hunger rate" 60
Y0-D000 12:13:15 SCENAR - Success chk3: parameter Suffering rate value=0.000000 is under 10.000000
Y0-D000 12:13:15 SCENAR - cmd: CHECK_PARAM_UNDER newEntity "Suffering rate" 10
Y0-D000 12:13:15 SCENAR - cmd: CHANGE_PARAM newEntity "Stomach filling" 0
Y0-D000 12:13:25 SCENAR - Success chk4: parameter Hunger rate value=4.800000 is under 40.000000
Y0-D000 12:13:25 SCENAR - cmd: CHECK_PARAM_UNDER newEntity "Hunger rate" 40
Y0-D000 12:13:25 SCENAR - Success chk5: parameter Thirst rate value=17.200000 is under 40.000000
Y0-D000 12:13:25 SCENAR - cmd: CHECK_PARAM_UNDER newEntity "Thirst rate" 40
Y0-D000 12:13:25 SCENAR - Success chk6: parameter Suffering rate value=0.000000 is under 10.000000
Y0-D000 12:13:25 SCENAR - cmd: CHECK_PARAM_UNDER newEntity "Suffering rate" 10
Y0-D000 12:13:25 SCENAR - cmd: MOVE_ENTITY newEntity 60 100 0
Y0-D000 12:13:25 SCENAR - cmd: CHANGE_PARAM newEntity "Stomach filling" 98
Y0-D000 12:13:25 SCENAR - cmd: CHANGE_PARAM newEntity "Hunger rate" 0
Y0-D000 12:13:25 SCENAR - cmd: SET_FORBIDEN_ACTION newEntity "Eat-1"
Y0-D000 12:33:28 SCENAR - Success chk7: Forbid action called =0 under 1
Y0-D000 12:33:28 SCENAR - cmd: CHECK_FORBID_ACT_CNT_UNDER newEntity 1
Y0-D000 12:33:28 SCENAR - cmd: SET_FORBIDEN_ACTION newEntity "Eat0"
Y0-D000 12:53:31 SCENAR - Failure chk8: Forbid action called =1 over 1
Y0-D000 12:53:31 SCENAR - cmd: CHECK_FORBID_ACT_CNT_UNDER newEntity 1
Y0-D000 12:53:31 SCENAR - cmd: MOVE_ENTITY newEntity 60 100 0
Y0-D000 12:53:31 BIOTOP - New entity : specie wolf name predator0
Y0-D000 12:53:31 SCENAR - cmd: ADD_ENTITY predator0.xml 40 100
Y0-D000 12:53:31 SCENAR - cmd: CHANGE_PARAM predator0 "Tiredness rate" 40
Y0-D000 12:53:31 SCENAR - cmd: SET_FORBIDEN_ACTION newEntity "Sleep"
Y0-D000 12:54:31 SCENAR - cmd: CHANGE_PARAM newEntity "Suffering rate" 0
Y0-D000 12:14:40 SCENAR - Success chk9: parameter Suffering rate value=0.000000 is under 20.000000
Y0-D000 12:14:40 SCENAR - cmd: CHECK_PARAM_UNDER newEntity "Suffering rate" 20
Y0-D000 12:34:48 SCENAR - Failure chk10: Forbid action called =2 over 1
Y0-D000 12:34:48 SCENAR - cmd: CHECK_FORBID_ACT_CNT_UNDER newEntity 1
Y0-D000 12:34:48 SCENAR - cmd: DELETE_ENTITY predator0
Y0-D000 12:34:48 SCENAR - cmd: SET_FORBIDEN_ACTION newEntity "Copulate"
Y0-D000 12:34:48 SCENAR - cmd: MOVE_ENTITY newEntity 60 100 0
Y0-D000 12:34:48 BIOTOP - New entity : specie dear name mother
Y0-D000 12:34:48 SCENAR - cmd: ADD_ENTITY mother.xml 50 100
Y0-D000 12:34:58 SCENAR - cmd: CHANGE_BIOTOP_PARAM "Sunlight" 1
Y0-D000 12:00:60 BIOTOP - Entity removed : specie wolf name predator0
Y0-D000 13:14:00 SCENAR - Success chk11: Forbid action called =0 under 1
Y0-D000 13:14:00 SCENAR - cmd: CHECK_FORBID_ACT_CNT_UNDER newEntity 1
Y0-D000 13:14:00 SCENAR - cmd: SET_FORBIDEN_ACTION newEntity "Walk"
Y0-D000 13:34:03 SCENAR - Success chk12: Forbid action called =0 under 1
Y0-D000 13:34:03 SCENAR - cmd: CHECK_FORBID_ACT_CNT_UNDER newEntity 1
Y0-D000 13:34:04 SCENAR - cmd: SAVE_BRAIN newEntity.xml
