15:54:40: Creating resource group General
15:54:40: Creating resource group Internal
15:54:40: Creating resource group Autodetect
15:54:40: SceneManagerFactory for type 'DefaultSceneManager' registered.
15:54:40: Registering ResourceManager for type Material
15:54:40: Registering ResourceManager for type Mesh
15:54:40: Registering ResourceManager for type Skeleton
15:54:40: MovableObjectFactory for type 'ParticleSystem' registered.
15:54:40: ArchiveFactory for archive type FileSystem registered.
15:54:40: ArchiveFactory for archive type Zip registered.
15:54:40: ArchiveFactory for archive type EmbeddedZip registered.
15:54:40: DDS codec registering
15:54:40: FreeImage version: 3.15.3
15:54:40: This program uses FreeImage, a free, open source image library supporting all common bitmap formats. See http://freeimage.sourceforge.net for details
15:54:40: Supported formats: bmp,ico,jpg,jif,jpeg,jpe,jng,koa,iff,lbm,mng,pbm,pbm,pcd,pcx,pgm,pgm,png,ppm,ppm,ras,tga,targa,tif,tiff,wap,wbmp,wbm,psd,cut,xbm,xpm,gif,hdr,g3,sgi,exr,j2k,j2c,jp2,pfm,pct,pict,pic,3fr,arw,bay,bmq,cap,cine,cr2,crw,cs1,dc2,dcr,drf,dsc,dng,erf,fff,ia,iiq,k25,kc2,kdc,mdc,mef,mos,mrw,nef,nrw,orf,pef,ptx,pxn,qtk,raf,raw,rdc,rw2,rwl,rwz,sr2,srf,srw,sti
15:54:40: Registering ResourceManager for type HighLevelGpuProgram
15:54:40: Registering ResourceManager for type Compositor
15:54:40: MovableObjectFactory for type 'Entity' registered.
15:54:40: MovableObjectFactory for type 'Light' registered.
15:54:40: MovableObjectFactory for type 'BillboardSet' registered.
15:54:40: MovableObjectFactory for type 'ManualObject' registered.
15:54:40: MovableObjectFactory for type 'BillboardChain' registered.
15:54:40: MovableObjectFactory for type 'RibbonTrail' registered.
15:54:40: Loading library .\RenderSystem_GL
15:54:40: Installing plugin: GL RenderSystem
15:54:40: OpenGL Rendering Subsystem created.
15:54:40: Plugin successfully installed
15:54:40: Loading library .\Plugin_ParticleFX
15:54:40: Installing plugin: ParticleFX
15:54:40: Particle Emitter Type 'Point' registered
15:54:40: Particle Emitter Type 'Box' registered
15:54:40: Particle Emitter Type 'Ellipsoid' registered
15:54:40: Particle Emitter Type 'Cylinder' registered
15:54:40: Particle Emitter Type 'Ring' registered
15:54:40: Particle Emitter Type 'HollowEllipsoid' registered
15:54:40: Particle Affector Type 'LinearForce' registered
15:54:40: Particle Affector Type 'ColourFader' registered
15:54:40: Particle Affector Type 'ColourFader2' registered
15:54:40: Particle Affector Type 'ColourImage' registered
15:54:40: Particle Affector Type 'ColourInterpolator' registered
15:54:40: Particle Affector Type 'Scaler' registered
15:54:40: Particle Affector Type 'Rotator' registered
15:54:40: Particle Affector Type 'DirectionRandomiser' registered
15:54:40: Particle Affector Type 'DeflectorPlane' registered
15:54:40: Plugin successfully installed
15:54:40: Loading library .\Plugin_BSPSceneManager
15:54:40: Installing plugin: BSP Scene Manager
15:54:40: Plugin successfully installed
15:54:40: Loading library .\Plugin_CgProgramManager
15:54:40: Installing plugin: Cg Program Manager
15:54:40: Plugin successfully installed
15:54:40: Loading library .\Plugin_PCZSceneManager
15:54:40: Installing plugin: Portal Connected Zone Scene Manager
15:54:40: PCZone Factory Type 'ZoneType_Default' registered
15:54:40: Plugin successfully installed
15:54:40: Loading library .\Plugin_OctreeZone
15:54:40: Installing plugin: Octree Zone Factory
15:54:40: Plugin successfully installed
15:54:40: Loading library .\Plugin_OctreeSceneManager
15:54:40: Installing plugin: Octree Scene Manager
15:54:40: Plugin successfully installed
15:54:40: *-*-* OGRE Initialising
15:54:40: *-*-* Version 1.9.0 (Ghadamon)
15:54:40: Creating resource group Bootstrap
15:54:40: Added resource location './media/packs/OgreCore2.zip' of type 'Zip' to resource group 'Bootstrap'
15:54:40: Added resource location './media' of type 'FileSystem' to resource group 'General'
15:54:40: Added resource location './media/overlays' of type 'FileSystem' to resource group 'General'
15:54:40: Added resource location './media/gui' of type 'FileSystem' to resource group 'General'
15:54:40: Added resource location './media/Cybiosphere' of type 'FileSystem' to resource group 'General'
15:54:40: CPU Identifier & Features
15:54:40: -------------------------
15:54:40:  *   CPU ID: GenuineIntel: Intel(R) Core(TM) i5-2520M CPU @ 2.50GHz
15:54:40:  *      SSE: yes
15:54:40:  *     SSE2: yes
15:54:40:  *     SSE3: yes
15:54:40:  *      MMX: yes
15:54:40:  *   MMXEXT: yes
15:54:40:  *    3DNOW: no
15:54:40:  * 3DNOWEXT: no
15:54:40:  *     CMOV: yes
15:54:40:  *      TSC: yes
15:54:40:  *      FPU: yes
15:54:40:  *      PRO: yes
15:54:40:  *       HT: no
15:54:40: -------------------------
15:54:40: *** Starting Win32GL Subsystem ***
15:54:40: Registering ResourceManager for type Texture
15:54:40: GLRenderSystem::_createRenderWindow "OGRE Render Window", 1024x768 windowed  miscParams: FSAA=0 FSAAHint= colourDepth=32 displayFrequency=0 gamma=false vsync=false vsyncInterval=1 
15:54:40: Created Win32Window 'OGRE Render Window' : 1040x806, 32bpp
15:54:40: GL_VERSION = 3.1.0 - Build 8.15.10.2509
15:54:40: GL_VENDOR = Intel
15:54:40: GL_RENDERER = Intel(R) HD Graphics Family
15:54:40: GL_EXTENSIONS = GL_EXT_blend_minmax GL_EXT_blend_subtract GL_EXT_blend_color GL_EXT_abgr GL_EXT_texture3D GL_EXT_clip_volume_hint GL_EXT_compiled_vertex_array GL_SGIS_texture_edge_clamp GL_SGIS_generate_mipmap GL_EXT_draw_range_elements GL_SGIS_texture_lod GL_EXT_rescale_normal GL_EXT_packed_pixels GL_EXT_texture_edge_clamp GL_EXT_separate_specular_color GL_ARB_multitexture GL_EXT_texture_env_combine GL_EXT_bgra GL_EXT_blend_func_separate GL_EXT_secondary_color GL_EXT_fog_coord GL_EXT_texture_env_add GL_ARB_texture_cube_map GL_ARB_transpose_matrix GL_ARB_texture_env_add GL_IBM_texture_mirrored_repeat GL_EXT_multi_draw_arrays GL_NV_blend_square GL_ARB_texture_compression GL_3DFX_texture_compression_FXT1 GL_EXT_texture_filter_anisotropic GL_ARB_texture_border_clamp GL_ARB_point_parameters GL_ARB_texture_env_combine GL_ARB_texture_env_dot3 GL_ARB_texture_env_crossbar GL_EXT_texture_compression_s3tc GL_ARB_shadow GL_ARB_window_pos GL_EXT_shadow_funcs GL_EXT_stencil_wrap GL_ARB_vertex_program GL_EXT_texture_rectangle GL_ARB_fragment_program GL_EXT_stencil_two_side GL_ATI_separate_stencil GL_ARB_vertex_buffer_object GL_EXT_texture_lod_bias GL_ARB_occlusion_query GL_ARB_fragment_shader GL_ARB_shader_objects GL_ARB_shading_language_100 GL_ARB_texture_non_power_of_two GL_ARB_vertex_shader GL_NV_texgen_reflection GL_ARB_point_sprite GL_ARB_fragment_program_shadow GL_EXT_blend_equation_separate GL_ARB_depth_texture GL_ARB_texture_rectangle GL_ARB_draw_buffers GL_ARB_color_buffer_float GL_ARB_half_float_pixel GL_ARB_texture_float GL_ARB_pixel_buffer_object GL_EXT_framebuffer_object GL_ARB_draw_instanced GL_ARB_half_float_vertex GL_EXT_draw_buffers2 GL_WIN_swap_hint GL_EXT_texture_sRGB GL_ARB_multisample GL_EXT_packed_float GL_EXT_texture_shared_exponent GL_ARB_texture_rg GL_ARB_texture_compression_rgtc GL_NV_conditional_render GL_EXT_texture_swizzle GL_ARB_sync GL_ARB_framebuffer_sRGB GL_EXT_packed_depth_stencil GL_ARB_depth_buffer_float GL_EXT_transform_feedback GL_EXT_framebuffer_blit GL_EXT_framebuffer_multisample GL_ARB_framebuffer_object GL_EXT_texture_array GL_EXT_texture_integer GL_ARB_map_buffer_range GL_EXT_texture_snorm GL_INTEL_performance_queries GL_ARB_copy_buffer GL_ARB_sampler_objects GL_NV_primitive_restart GL_ARB_seamless_cube_map GL_ARB_uniform_buffer_object GL_ARB_depth_clamp GL_ARB_vertex_array_bgra GL_ARB_draw_elements_base_vertex GL_ARB_fragment_coord_conventions GL_EXT_gpu_program_parameters GL_ARB_compatibility GL_ARB_vertex_array_object 
15:54:40: Supported WGL extensions: WGL_EXT_depth_float WGL_ARB_buffer_region WGL_ARB_extensions_string WGL_ARB_make_current_read WGL_ARB_pixel_format WGL_ARB_pbuffer WGL_EXT_extensions_string WGL_EXT_swap_control WGL_ARB_multisample WGL_ARB_pixel_format_float WGL_ARB_framebuffer_sRGB WGL_ARB_create_context WGL_EXT_pixel_format_packed_float 
15:54:40: ***************************
15:54:40: *** GL Renderer Started ***
15:54:40: ***************************
15:54:40: Registering ResourceManager for type GpuProgram
15:54:40: GLSL support detected
15:54:40: GL: Using GL_EXT_framebuffer_object for rendering to textures (best)
15:54:40: FBO PF_UNKNOWN depth/stencil support: D0S1 D0S4 D0S8 D0S16 D16S0 D24S0 D32S0 Packed-D24S8 
15:54:40: FBO PF_A8 depth/stencil support: D0S0 D0S1 D0S4 D0S8 D0S16 D16S0 D24S0 D32S0 Packed-D24S8 
15:54:40: FBO PF_R5G6B5 depth/stencil support: D0S0 D0S1 D0S4 D0S8 D0S16 D16S0 D24S0 D32S0 Packed-D24S8 
15:54:40: FBO PF_B5G6R5 depth/stencil support: D0S0 D0S1 D0S4 D0S8 D0S16 D16S0 D24S0 D32S0 Packed-D24S8 
15:54:41: FBO PF_R8G8B8 depth/stencil support: D0S0 D0S1 D0S4 D0S8 D0S16 D16S0 D24S0 D32S0 Packed-D24S8 
15:54:41: FBO PF_B8G8R8 depth/stencil support: D0S0 D0S1 D0S4 D0S8 D0S16 D16S0 D24S0 D32S0 Packed-D24S8 
15:54:41: FBO PF_A8R8G8B8 depth/stencil support: D0S0 D0S1 D0S4 D0S8 D0S16 D16S0 D24S0 D32S0 Packed-D24S8 
15:54:41: FBO PF_B8G8R8A8 depth/stencil support: D0S0 D0S1 D0S4 D0S8 D0S16 D16S0 D24S0 D32S0 Packed-D24S8 
15:54:41: FBO PF_A2R10G10B10 depth/stencil support: D0S0 D0S1 D0S4 D0S8 D0S16 D16S0 D24S0 D32S0 Packed-D24S8 
15:54:41: FBO PF_A2B10G10R10 depth/stencil support: D0S0 D0S1 D0S4 D0S8 D0S16 D16S0 D24S0 D32S0 Packed-D24S8 
15:54:41: FBO PF_FLOAT16_RGB depth/stencil support: D0S0 D0S1 D0S4 D0S8 D0S16 D16S0 D24S0 D32S0 Packed-D24S8 
15:54:41: FBO PF_FLOAT16_RGBA depth/stencil support: D0S0 D0S1 D0S4 D0S8 D0S16 D16S0 D24S0 D32S0 Packed-D24S8 
15:54:41: FBO PF_FLOAT32_RGB depth/stencil support: D0S0 D0S1 D0S4 D0S8 D0S16 D16S0 D24S0 D32S0 Packed-D24S8 
15:54:41: FBO PF_FLOAT32_RGBA depth/stencil support: D0S0 D0S1 D0S4 D0S8 D0S16 D16S0 D24S0 D32S0 Packed-D24S8 
15:54:41: FBO PF_X8R8G8B8 depth/stencil support: D0S0 D0S1 D0S4 D0S8 D0S16 D16S0 D24S0 D32S0 Packed-D24S8 
15:54:41: FBO PF_X8B8G8R8 depth/stencil support: D0S0 D0S1 D0S4 D0S8 D0S16 D16S0 D24S0 D32S0 Packed-D24S8 
15:54:41: FBO PF_SHORT_RGBA depth/stencil support: D0S0 D0S1 D0S4 D0S8 D0S16 D16S0 D24S0 D32S0 Packed-D24S8 
15:54:41: FBO PF_R3G3B2 depth/stencil support: D0S0 D0S1 D0S4 D0S8 D0S16 D16S0 D24S0 D32S0 Packed-D24S8 
15:54:41: FBO PF_SHORT_RGB depth/stencil support: D0S0 D0S1 D0S4 D0S8 D0S16 D16S0 D24S0 D32S0 Packed-D24S8 
15:54:41: [GL] : Valid FBO targets PF_UNKNOWN PF_A8 PF_R5G6B5 PF_B5G6R5 PF_R8G8B8 PF_B8G8R8 PF_A8R8G8B8 PF_B8G8R8A8 PF_A2R10G10B10 PF_A2B10G10R10 PF_FLOAT16_RGB PF_FLOAT16_RGBA PF_FLOAT32_RGB PF_FLOAT32_RGBA PF_X8R8G8B8 PF_X8B8G8R8 PF_SHORT_RGBA PF_R3G3B2 PF_SHORT_RGB 
15:54:41: RenderSystem capabilities
15:54:41: -------------------------
15:54:41: RenderSystem Name: OpenGL Rendering Subsystem
15:54:41: GPU Vendor: intel
15:54:41: Device Name: Intel(R) HD Graphics Family
15:54:41: Driver Version: 3.1.0.0
15:54:41:  * Fixed function pipeline: yes
15:54:41:  * Hardware generation of mipmaps: no
15:54:41:  * Texture blending: yes
15:54:41:  * Anisotropic texture filtering: yes
15:54:41:  * Dot product texture operation: yes
15:54:41:  * Cube mapping: yes
15:54:41:  * Hardware stencil buffer: yes
15:54:41:    - Stencil depth: 8
15:54:41:    - Two sided stencil support: yes
15:54:41:    - Wrap stencil values: yes
15:54:41:  * Hardware vertex / index buffers: yes
15:54:41:  * Vertex programs: yes
15:54:41:  * Number of floating-point constants for vertex programs: 256
15:54:41:  * Number of integer constants for vertex programs: 0
15:54:41:  * Number of boolean constants for vertex programs: 0
15:54:41:  * Fragment programs: yes
15:54:41:  * Number of floating-point constants for fragment programs: 256
15:54:41:  * Number of integer constants for fragment programs: 0
15:54:41:  * Number of boolean constants for fragment programs: 0
15:54:41:  * Geometry programs: no
15:54:41:  * Number of floating-point constants for geometry programs: 51
15:54:41:  * Number of integer constants for geometry programs: 65534
15:54:41:  * Number of boolean constants for geometry programs: 65535
15:54:41:  * Tesselation Hull programs: no
15:54:41:  * Number of floating-point constants for tesselation hull programs: 44145
15:54:41:  * Number of integer constants for tesselation hull programs: 30490
15:54:41:  * Number of boolean constants for tesselation hull programs: 55965
15:54:41:  * Tesselation Domain programs: no
15:54:41:  * Number of floating-point constants for tesselation domain programs: 30486
15:54:41:  * Number of integer constants for tesselation domain programs: 17752
15:54:41:  * Number of boolean constants for tesselation domain programs: 30246
15:54:41:  * Compute programs: no
15:54:41:  * Number of floating-point constants for compute programs: 0
15:54:41:  * Number of integer constants for compute programs: 0
15:54:41:  * Number of boolean constants for compute programs: 26624
15:54:41:  * Supported Shader Profiles: arbfp1 arbvp1 glsl
15:54:41:  * Texture Compression: yes
15:54:41:    - DXT: yes
15:54:41:    - VTC: no
15:54:41:    - PVRTC: no
15:54:41:    - ATC: no
15:54:41:    - ETC1: no
15:54:41:    - ETC2: no
15:54:41:    - BC4/BC5: no
15:54:41:    - BC6H/BC7: no
15:54:41:  * Scissor Rectangle: yes
15:54:41:  * Hardware Occlusion Query: yes
15:54:41:  * User clip planes: yes
15:54:41:  * VET_UBYTE4 vertex element type: yes
15:54:41:  * Infinite far plane projection: yes
15:54:41:  * Hardware render-to-texture: yes
15:54:41:  * Floating point textures: yes
15:54:41:  * Non-power-of-two textures: yes
15:54:41:  * 1d textures: yes
15:54:41:  * Volume textures: yes
15:54:41:  * Multiple Render Targets: 8
15:54:41:    - With different bit depths: yes
15:54:41:  * Point Sprites: yes
15:54:41:  * Extended point parameters: yes
15:54:41:  * Max Point Size: 255
15:54:41:  * Vertex texture fetch: yes
15:54:41:  * Number of world matrices: 0
15:54:41:  * Number of texture units: 16
15:54:41:  * Stencil buffer depth: 8
15:54:41:  * Number of vertex blend matrices: 0
15:54:41:    - Max vertex textures: 16
15:54:41:    - Vertex textures shared: yes
15:54:41:  * Render to Vertex Buffer : no
15:54:41:  * Hardware Atomic Counters: no
15:54:41:  * GL 1.5 without VBO workaround: no
15:54:41:  * Frame Buffer objects: yes
15:54:41:  * Frame Buffer objects (ARB extension): no
15:54:41:  * Frame Buffer objects (ATI extension): no
15:54:41:  * PBuffer support: yes
15:54:41:  * GL 1.5 without HW-occlusion workaround: no
15:54:41:  * Vertex Array Objects: no
15:54:41:  * Separate shader objects: no
15:54:41: DefaultWorkQueue('Root') initialising on thread 1698.
15:54:41: DefaultWorkQueue('Root')::WorkerFunc - thread 1630 starting.
15:54:41: DefaultWorkQueue('Root')::WorkerFunc - thread bfc starting.
15:54:41: DefaultWorkQueue('Root')::WorkerFunc - thread 18b8 starting.
15:54:41: Particle Renderer Type 'billboard' registered
15:54:41: DefaultWorkQueue('Root')::WorkerFunc - thread 10e4 starting.
15:54:41: SceneManagerFactory for type 'BspSceneManager' registered.
15:54:41: Registering ResourceManager for type BspLevel
15:54:41: SceneManagerFactory for type 'PCZSceneManager' registered.
15:54:41: MovableObjectFactory for type 'PCZLight' registered.
15:54:41: MovableObjectFactory for type 'Portal' registered.
15:54:41: MovableObjectFactory for type 'AntiPortal' registered.
15:54:41: PCZone Factory Type 'ZoneType_Octree' registered
15:54:41: SceneManagerFactory for type 'OctreeSceneManager' registered.
15:54:41: Parsing scripts for resource group Autodetect
15:54:41: Finished parsing scripts for resource group Autodetect
15:54:41: Creating resources for group Autodetect
15:54:41: All done
15:54:41: Parsing scripts for resource group Bootstrap
15:54:41: Parsing script OgreCore.material
15:54:41: Parsing script OgreProfiler.material
15:54:41: Finished parsing scripts for resource group Bootstrap
15:54:41: Creating resources for group Bootstrap
15:54:41: All done
15:54:41: Parsing scripts for resource group General
15:54:41: Parsing script acacia.material
15:54:41: Compiler error: object name expected in acacia.material(1)
15:54:41: Compiler error: unknown error in acacia.material(37): token "receive_shadows" is not recognized
15:54:41: Parsing script Cat.material
15:54:41: Parsing script cybios.material
15:54:41: Parsing script deer.material
15:54:41: Parsing script Elephant.material
15:54:41: Parsing script Example.material
15:54:41: Parsing script farn.material
15:54:41: Parsing script fir.material
15:54:41: Parsing script fox.material
15:54:41: Parsing script Gazelle.material
15:54:41: Compiler error: object name expected in Gazelle.material(1)
15:54:41: Parsing script grass.material
15:54:41: Parsing script grassDry.material
15:54:41: Compiler error: unknown error in grassDry.material(11): token "receive_shadows" is not recognized
15:54:41: Parsing script grass_ground.material
15:54:41: Compiler error: unknown error in grass_ground.material(12): token "#texture" is not recognized
15:54:41: Parsing script herbe_fleurs.material
15:54:41: Parsing script LION.material
15:54:41: Compiler error: object name expected in LION.material(1)
15:54:41: Compiler error: invalid parameters in LION.material(24): : is not a supported argument to the texture property
15:54:41: Parsing script rabbit.material
15:54:41: Compiler error: unknown error in rabbit.material(16): base object named "/base/normalmap/specular" not found in script definition
15:54:41: Parsing script rock.material
15:54:41: Parsing script tree.material
15:54:41: Parsing script water.material
15:54:41: Compiler error: unknown error in water.material(28): token "#depth_write" is not recognized
15:54:41: Parsing script wolf.material
15:54:41: Parsing script wooden_fence.material
15:54:41: Compiler error: unknown error in wooden_fence.material(7): token "#alpha_rejection" is not recognized
15:54:41: Parsing script zebra.material
15:54:41: Compiler error: object name expected in zebra.material(1)
15:54:41: Finished parsing scripts for resource group General
15:54:41: Creating resources for group General
15:54:41: All done
15:54:41: Parsing scripts for resource group Internal
15:54:41: Finished parsing scripts for resource group Internal
15:54:41: Creating resources for group Internal
15:54:41: All done
15:54:41: Texture: clouds.jpg: Loading 1 faces(PF_R8G8B8,256x256x1) with 5 generated mipmaps from Image. Internal format is PF_X8R8G8B8,256x256x1.
15:54:41: Mesh: Loading gazelle.mesh.
15:54:41: Skeleton: Loading Gazelle.skeleton
15:54:41: WARNING: gazelle.mesh is an older format ([MeshSerializer_v1.40]); you should upgrade it as soon as possible using the OgreMeshUpgrade tool.
15:54:41: Texture: gazelle_text.jpg: Loading 1 faces(PF_R8G8B8,700x754x1) with 5 generated mipmaps from Image. Internal format is PF_X8R8G8B8,700x754x1.
15:54:41: Texture: horn_text.jpg: Loading 1 faces(PF_R8G8B8,26x126x1) with 5 generated mipmaps from Image. Internal format is PF_X8R8G8B8,26x126x1.
15:54:41: Mesh: Loading wooden_fence.mesh.
15:54:41: WARNING: wooden_fence.mesh is an older format ([MeshSerializer_v1.40]); you should upgrade it as soon as possible using the OgreMeshUpgrade tool.
15:54:41: Texture: wooden_fence.png: Loading 1 faces(PF_R8G8B8,512x512x1) with 5 generated mipmaps from Image. Internal format is PF_X8R8G8B8,512x512x1.
15:54:41: Mesh: Loading rock.mesh.
15:54:41: WARNING: rock.mesh is an older format ([MeshSerializer_v1.40]); you should upgrade it as soon as possible using the OgreMeshUpgrade tool.
15:54:41: Texture: rock.png: Loading 1 faces(PF_A8R8G8B8,1024x1024x1) with 5 generated mipmaps from Image. Internal format is PF_A8R8G8B8,1024x1024x1.
15:54:41: Mesh: Loading acacia.mesh.
15:54:41: WARNING: acacia.mesh is an older format ([MeshSerializer_v1.40]); you should upgrade it as soon as possible using the OgreMeshUpgrade tool.
15:54:41: Texture: Trunc1.dds: Loading 1 faces(PF_DXT1,256x256x1) with 5 custom mipmaps from Image. Internal format is PF_DXT1,256x256x1.
15:54:41: Texture: Branch.dds: Loading 1 faces(PF_DXT3,512x512x1) with 9 custom mipmaps from Image. Internal format is PF_DXT3,512x512x1.
15:54:41: Mesh: Loading grass.mesh.
15:54:41: WARNING: grass.mesh is an older format ([MeshSerializer_v1.40]); you should upgrade it as soon as possible using the OgreMeshUpgrade tool.
15:54:41: Texture: herbe1.dds: Loading 1 faces(PF_A8R8G8B8,512x512x1) with 9 custom mipmaps from Image. Internal format is PF_A8R8G8B8,512x512x1.
15:54:41: Texture: herbe2.dds: Loading 1 faces(PF_A8R8G8B8,600x300x1) with 9 custom mipmaps from Image. Internal format is PF_A8R8G8B8,600x300x1.
15:54:41: Mesh: Loading Grass_ground.mesh.
15:54:41: WARNING: Grass_ground.mesh is an older format ([MeshSerializer_v1.40]); you should upgrade it as soon as possible using the OgreMeshUpgrade tool.
15:54:41: Texture: grass_texture.png: Loading 1 faces(PF_A8R8G8B8,512x512x1) with 5 generated mipmaps from Image. Internal format is PF_A8R8G8B8,512x512x1.
15:54:41: Mesh: Loading Water.mesh.
15:54:41: WARNING: Water.mesh is an older format ([MeshSerializer_v1.40]); you should upgrade it as soon as possible using the OgreMeshUpgrade tool.
15:54:41: Texture: water_texture.jpg: Loading 1 faces(PF_R8G8B8,512x512x1) with 5 generated mipmaps from Image. Internal format is PF_X8R8G8B8,512x512x1.
15:54:41: Mesh: Loading Water_deap.mesh.
15:54:41: WARNING: Water_deap.mesh is an older format ([MeshSerializer_v1.40]); you should upgrade it as soon as possible using the OgreMeshUpgrade tool.
15:54:41: Texture: ground.jpg: Loading 1 faces(PF_R8G8B8,256x256x1) with 5 generated mipmaps from Image. Internal format is PF_X8R8G8B8,256x256x1.
15:54:41: *** Initializing OIS ***
15:54:41: Texture: spot_shadow_fade.png: Loading 1 faces(PF_R8G8B8,128x128x1) with 5 generated mipmaps from Image. Internal format is PF_X8R8G8B8,128x128x1.
15:54:49: DefaultWorkQueue('Root') shutting down on thread 1698.
15:54:49: DefaultWorkQueue('Root')::WorkerFunc - thread 10e4 stopped.
15:54:49: DefaultWorkQueue('Root')::WorkerFunc - thread 18b8 stopped.
15:54:49: DefaultWorkQueue('Root')::WorkerFunc - thread bfc stopped.
15:54:49: DefaultWorkQueue('Root')::WorkerFunc - thread 1630 stopped.
15:54:49: PCZone Factory Type 'ZoneType_Octree' unregistered
15:54:49: Unregistering ResourceManager for type BspLevel
15:54:49: *-*-* OGRE Shutdown
15:54:49: Unregistering ResourceManager for type Compositor
15:54:49: Unregistering ResourceManager for type Skeleton
15:54:49: Unregistering ResourceManager for type Mesh
15:54:49: Unregistering ResourceManager for type HighLevelGpuProgram
15:54:49: Uninstalling plugin: Octree Scene Manager
15:54:49: Plugin successfully uninstalled
15:54:49: Unloading library .\Plugin_OctreeSceneManager
15:54:49: Uninstalling plugin: Octree Zone Factory
15:54:49: Plugin successfully uninstalled
15:54:49: Unloading library .\Plugin_OctreeZone
15:54:49: Uninstalling plugin: Portal Connected Zone Scene Manager
15:54:49: Plugin successfully uninstalled
15:54:49: Unloading library .\Plugin_PCZSceneManager
15:54:49: Uninstalling plugin: Cg Program Manager
15:54:49: Plugin successfully uninstalled
15:54:49: Unloading library .\Plugin_CgProgramManager
15:54:49: Uninstalling plugin: BSP Scene Manager
15:54:49: Plugin successfully uninstalled
15:54:49: Unloading library .\Plugin_BSPSceneManager
15:54:49: Uninstalling plugin: ParticleFX
15:54:49: Plugin successfully uninstalled
15:54:49: Unloading library .\Plugin_ParticleFX
15:54:49: Uninstalling plugin: GL RenderSystem
15:54:49: Unregistering ResourceManager for type GpuProgram
15:54:49: *** Stopping Win32GL Subsystem ***
15:54:49: Unregistering ResourceManager for type Texture
15:54:49: Plugin successfully uninstalled
15:54:49: Unloading library .\RenderSystem_GL
15:54:49: Unregistering ResourceManager for type Material
